[2017-12-11 13:49:55,657][INFO][restartedMain][InPossibleApplication] Starting InPossibleApplication on Alice-PC with PID 8956 (C:\Users\Alice\Documents\inpossible\target\classes started by Alice in C:\Users\Alice\Documents\inpossible)
[2017-12-11 13:49:55,659][DEBUG][restartedMain][InPossibleApplication] Running with Spring Boot v2.0.0.M7, Spring v5.0.2.RELEASE
[2017-12-11 13:49:55,659][INFO][restartedMain][InPossibleApplication] No active profile set, falling back to default profiles: default
[2017-12-11 13:49:58,901][WARN][localhost-startStop-1][JpaBaseConfiguration$JpaWebConfiguration$JpaWebMvcConfiguration] spring.jpa.open-in-view is enabled by default. Therefore, database queries may be performed during view rendering. Explicitly configure spring.jpa.open-in-view to disable this warning
[2017-12-11 13:50:02,222][INFO][restartedMain][InAnalysisConfig] ConfigPrefix[in-analysis]: InAnalysisConfig(csvFileUploadDirectory=upload-dir, pythonServerUrl=http://127.0.0.1:8002, rServerUrl=disable)
[2017-12-11 13:50:02,515][INFO][restartedMain][UserInfoService] DB is empty, init DB with ADMIN_USERS:[iii, teddy, swanky, mark, alice, coco] and USERS:[guest]
[2017-12-11 13:50:02,596][DEBUG][restartedMain][UserInfoBuilder] input=UserEntity(userIndex=1, id=iii, name=iii, email=inanalysis.github.io@gmail.com, password=iii, roles=ADMIN,USER, projects=[], apis=[])
[2017-12-11 13:50:02,599][DEBUG][restartedMain][UserInfoBuilder] build=UserInfo(index=1, id=iii, name=iii, email=inanalysis.github.io@gmail.com, password=iii, roles=[ADMIN, USER], projects={}, apis={})
[2017-12-11 13:50:02,600][DEBUG][restartedMain][UserInfoBuilder] input=UserEntity(userIndex=2, id=teddy, name=teddy, email=inanalysis.github.io@gmail.com, password=teddy, roles=ADMIN,USER, projects=[], apis=[])
[2017-12-11 13:50:02,600][DEBUG][restartedMain][UserInfoBuilder] build=UserInfo(index=2, id=teddy, name=teddy, email=inanalysis.github.io@gmail.com, password=teddy, roles=[ADMIN, USER], projects={}, apis={})
[2017-12-11 13:50:02,600][DEBUG][restartedMain][UserInfoBuilder] input=UserEntity(userIndex=3, id=swanky, name=swanky, email=inanalysis.github.io@gmail.com, password=swanky, roles=ADMIN,USER, projects=[], apis=[])
[2017-12-11 13:50:02,600][DEBUG][restartedMain][UserInfoBuilder] build=UserInfo(index=3, id=swanky, name=swanky, email=inanalysis.github.io@gmail.com, password=swanky, roles=[ADMIN, USER], projects={}, apis={})
[2017-12-11 13:50:02,600][DEBUG][restartedMain][UserInfoBuilder] input=UserEntity(userIndex=4, id=mark, name=mark, email=inanalysis.github.io@gmail.com, password=mark, roles=ADMIN,USER, projects=[], apis=[])
[2017-12-11 13:50:02,600][DEBUG][restartedMain][UserInfoBuilder] build=UserInfo(index=4, id=mark, name=mark, email=inanalysis.github.io@gmail.com, password=mark, roles=[ADMIN, USER], projects={}, apis={})
[2017-12-11 13:50:02,600][DEBUG][restartedMain][UserInfoBuilder] input=UserEntity(userIndex=5, id=alice, name=alice, email=inanalysis.github.io@gmail.com, password=alice, roles=ADMIN,USER, projects=[], apis=[])
[2017-12-11 13:50:02,600][DEBUG][restartedMain][UserInfoBuilder] build=UserInfo(index=5, id=alice, name=alice, email=inanalysis.github.io@gmail.com, password=alice, roles=[ADMIN, USER], projects={}, apis={})
[2017-12-11 13:50:02,600][DEBUG][restartedMain][UserInfoBuilder] input=UserEntity(userIndex=6, id=coco, name=coco, email=inanalysis.github.io@gmail.com, password=coco, roles=ADMIN,USER, projects=[], apis=[])
[2017-12-11 13:50:02,600][DEBUG][restartedMain][UserInfoBuilder] build=UserInfo(index=6, id=coco, name=coco, email=inanalysis.github.io@gmail.com, password=coco, roles=[ADMIN, USER], projects={}, apis={})
[2017-12-11 13:50:02,600][DEBUG][restartedMain][UserInfoBuilder] input=UserEntity(userIndex=7, id=guest, name=guest, email=inanalysis.github.io@gmail.com, password=guest, roles=USER, projects=[], apis=[])
[2017-12-11 13:50:02,600][DEBUG][restartedMain][UserInfoBuilder] build=UserInfo(index=7, id=guest, name=guest, email=inanalysis.github.io@gmail.com, password=guest, roles=[USER], projects={}, apis={})
[2017-12-11 13:50:03,349][DEBUG][restartedMain][WebSecurityConfig] configure start=org.springframework.security.config.annotation.web.builders.HttpSecurity@590acc3b
[2017-12-11 13:50:03,361][DEBUG][restartedMain][WebSecurityConfig] configure end=org.springframework.security.config.annotation.web.builders.HttpSecurity@590acc3b
[2017-12-11 13:50:04,437][INFO][restartedMain][InPossibleApplication] Started InPossibleApplication in 9.475 seconds (JVM running for 9.895)
[2017-12-11 13:51:36,192][DEBUG][http-nio-8008-exec-6][UserAuthService] loadUserByUsername[alice]
[2017-12-11 13:51:36,193][DEBUG][http-nio-8008-exec-6][UserInfoService] findUserInfoById[alice]=Optional[UserInfo(index=5, id=alice, name=alice, email=inanalysis.github.io@gmail.com, password=alice, roles=[ADMIN, USER], projects={}, apis={})]
[2017-12-11 13:51:36,196][DEBUG][http-nio-8008-exec-6][UserAuthService] loadUserByUsername[alice]=org.springframework.security.core.userdetails.User@5899680: Username: alice; Password: [PROTECTED]; Enabled: true; AccountNonExpired: true; credentialsNonExpired: true; AccountNonLocked: true; Granted Authorities: ROLE_ADMIN,ROLE_USER
[2017-12-11 13:51:36,200][ERROR][http-nio-8008-exec-6][[dispatcherServlet]] Servlet.service() for servlet [dispatcherServlet] in context with path [] threw exception
java.lang.IllegalArgumentException: There is no PasswordEncoder mapped for the id "null"
	at org.springframework.security.crypto.password.DelegatingPasswordEncoder$UnmappedIdPasswordEncoder.matches(DelegatingPasswordEncoder.java:236)
	at org.springframework.security.crypto.password.DelegatingPasswordEncoder.matches(DelegatingPasswordEncoder.java:196)
	at org.springframework.security.config.annotation.web.configuration.WebSecurityConfigurerAdapter$LazyPasswordEncoder.matches(WebSecurityConfigurerAdapter.java:593)
	at org.springframework.security.authentication.dao.DaoAuthenticationProvider.additionalAuthenticationChecks(DaoAuthenticationProvider.java:86)
	at org.springframework.security.authentication.dao.AbstractUserDetailsAuthenticationProvider.authenticate(AbstractUserDetailsAuthenticationProvider.java:166)
	at org.springframework.security.authentication.ProviderManager.authenticate(ProviderManager.java:174)
	at org.springframework.security.authentication.ProviderManager.authenticate(ProviderManager.java:199)
	at org.springframework.security.web.authentication.UsernamePasswordAuthenticationFilter.attemptAuthentication(UsernamePasswordAuthenticationFilter.java:94)
	at org.springframework.security.web.authentication.AbstractAuthenticationProcessingFilter.doFilter(AbstractAuthenticationProcessingFilter.java:212)
	at org.springframework.security.web.FilterChainProxy$VirtualFilterChain.doFilter(FilterChainProxy.java:334)
	at org.springframework.security.web.authentication.logout.LogoutFilter.doFilter(LogoutFilter.java:116)
	at org.springframework.security.web.FilterChainProxy$VirtualFilterChain.doFilter(FilterChainProxy.java:334)
	at org.springframework.security.web.header.HeaderWriterFilter.doFilterInternal(HeaderWriterFilter.java:64)
	at org.springframework.web.filter.OncePerRequestFilter.doFilter(OncePerRequestFilter.java:107)
	at org.springframework.security.web.FilterChainProxy$VirtualFilterChain.doFilter(FilterChainProxy.java:334)
	at org.springframework.security.web.context.SecurityContextPersistenceFilter.doFilter(SecurityContextPersistenceFilter.java:105)
	at org.springframework.security.web.FilterChainProxy$VirtualFilterChain.doFilter(FilterChainProxy.java:334)
	at org.springframework.security.web.context.request.async.WebAsyncManagerIntegrationFilter.doFilterInternal(WebAsyncManagerIntegrationFilter.java:56)
	at org.springframework.web.filter.OncePerRequestFilter.doFilter(OncePerRequestFilter.java:107)
	at org.springframework.security.web.FilterChainProxy$VirtualFilterChain.doFilter(FilterChainProxy.java:334)
	at org.springframework.security.web.FilterChainProxy.doFilterInternal(FilterChainProxy.java:215)
	at org.springframework.security.web.FilterChainProxy.doFilter(FilterChainProxy.java:178)
	at org.springframework.web.filter.DelegatingFilterProxy.invokeDelegate(DelegatingFilterProxy.java:357)
	at org.springframework.web.filter.DelegatingFilterProxy.doFilter(DelegatingFilterProxy.java:270)
	at org.apache.catalina.core.ApplicationFilterChain.internalDoFilter(ApplicationFilterChain.java:193)
	at org.apache.catalina.core.ApplicationFilterChain.doFilter(ApplicationFilterChain.java:166)
	at org.springframework.web.filter.RequestContextFilter.doFilterInternal(RequestContextFilter.java:99)
	at org.springframework.web.filter.OncePerRequestFilter.doFilter(OncePerRequestFilter.java:107)
	at org.apache.catalina.core.ApplicationFilterChain.internalDoFilter(ApplicationFilterChain.java:193)
	at org.apache.catalina.core.ApplicationFilterChain.doFilter(ApplicationFilterChain.java:166)
	at org.springframework.web.filter.HttpPutFormContentFilter.doFilterInternal(HttpPutFormContentFilter.java:108)
	at org.springframework.web.filter.OncePerRequestFilter.doFilter(OncePerRequestFilter.java:107)
	at org.apache.catalina.core.ApplicationFilterChain.internalDoFilter(ApplicationFilterChain.java:193)
	at org.apache.catalina.core.ApplicationFilterChain.doFilter(ApplicationFilterChain.java:166)
	at org.springframework.web.filter.HiddenHttpMethodFilter.doFilterInternal(HiddenHttpMethodFilter.java:81)
	at org.springframework.web.filter.OncePerRequestFilter.doFilter(OncePerRequestFilter.java:107)
	at org.apache.catalina.core.ApplicationFilterChain.internalDoFilter(ApplicationFilterChain.java:193)
	at org.apache.catalina.core.ApplicationFilterChain.doFilter(ApplicationFilterChain.java:166)
	at org.springframework.web.filter.CharacterEncodingFilter.doFilterInternal(CharacterEncodingFilter.java:200)
	at org.springframework.web.filter.OncePerRequestFilter.doFilter(OncePerRequestFilter.java:107)
	at org.apache.catalina.core.ApplicationFilterChain.internalDoFilter(ApplicationFilterChain.java:193)
	at org.apache.catalina.core.ApplicationFilterChain.doFilter(ApplicationFilterChain.java:166)
	at org.springframework.boot.actuate.metrics.web.servlet.WebMvcMetricsFilter.filterWithMetrics(WebMvcMetricsFilter.java:95)
	at org.springframework.boot.actuate.metrics.web.servlet.WebMvcMetricsFilter.doFilterInternal(WebMvcMetricsFilter.java:72)
	at org.springframework.web.filter.OncePerRequestFilter.doFilter(OncePerRequestFilter.java:107)
	at org.apache.catalina.core.ApplicationFilterChain.internalDoFilter(ApplicationFilterChain.java:193)
	at org.apache.catalina.core.ApplicationFilterChain.doFilter(ApplicationFilterChain.java:166)
	at org.apache.catalina.core.StandardWrapperValve.invoke(StandardWrapperValve.java:199)
	at org.apache.catalina.core.StandardContextValve.invoke(StandardContextValve.java:96)
	at org.apache.catalina.authenticator.AuthenticatorBase.invoke(AuthenticatorBase.java:478)
	at org.apache.catalina.core.StandardHostValve.invoke(StandardHostValve.java:140)
	at org.apache.catalina.valves.ErrorReportValve.invoke(ErrorReportValve.java:81)
	at org.apache.catalina.core.StandardEngineValve.invoke(StandardEngineValve.java:87)
	at org.apache.catalina.connector.CoyoteAdapter.service(CoyoteAdapter.java:342)
	at org.apache.coyote.http11.Http11Processor.service(Http11Processor.java:803)
	at org.apache.coyote.AbstractProcessorLight.process(AbstractProcessorLight.java:66)
	at org.apache.coyote.AbstractProtocol$ConnectionHandler.process(AbstractProtocol.java:868)
	at org.apache.tomcat.util.net.NioEndpoint$SocketProcessor.doRun(NioEndpoint.java:1459)
	at org.apache.tomcat.util.net.SocketProcessorBase.run(SocketProcessorBase.java:49)
	at java.util.concurrent.ThreadPoolExecutor.runWorker(ThreadPoolExecutor.java:1142)
	at java.util.concurrent.ThreadPoolExecutor$Worker.run(ThreadPoolExecutor.java:617)
	at org.apache.tomcat.util.threads.TaskThread$WrappingRunnable.run(TaskThread.java:61)
	at java.lang.Thread.run(Thread.java:745)
[2017-12-11 14:31:42,499][INFO][restartedMain][InPossibleApplication] Starting InPossibleApplication on Alice-PC with PID 9124 (C:\Users\Alice\Documents\inpossible\target\classes started by Alice in C:\Users\Alice\Documents\inpossible)
[2017-12-11 14:31:42,500][DEBUG][restartedMain][InPossibleApplication] Running with Spring Boot v2.0.0.M5, Spring v5.0.0.RELEASE
[2017-12-11 14:31:42,500][INFO][restartedMain][InPossibleApplication] No active profile set, falling back to default profiles: default
[2017-12-11 14:31:46,926][INFO][restartedMain][InAnalysisConfig] ConfigPrefix[in-analysis]: InAnalysisConfig(csvFileUploadDirectory=upload-dir, pythonServerUrl=http://127.0.0.1:8002, rServerUrl=disable)
[2017-12-11 14:31:47,945][DEBUG][restartedMain][UserInfoBuilder] input=UserEntity(userIndex=1, id=iii, name=iii, email=inanalysis.github.io@gmail.com, password=iii, roles=ADMIN,USER, projects=[], apis=[])
[2017-12-11 14:31:47,948][DEBUG][restartedMain][UserInfoBuilder] build=UserInfo(index=1, id=iii, name=iii, email=inanalysis.github.io@gmail.com, password=iii, roles=[ADMIN, USER], projects={}, apis={})
[2017-12-11 14:31:47,948][DEBUG][restartedMain][UserInfoBuilder] input=UserEntity(userIndex=2, id=teddy, name=teddy, email=inanalysis.github.io@gmail.com, password=teddy, roles=ADMIN,USER, projects=[], apis=[])
[2017-12-11 14:31:47,948][DEBUG][restartedMain][UserInfoBuilder] build=UserInfo(index=2, id=teddy, name=teddy, email=inanalysis.github.io@gmail.com, password=teddy, roles=[ADMIN, USER], projects={}, apis={})
[2017-12-11 14:31:47,948][DEBUG][restartedMain][UserInfoBuilder] input=UserEntity(userIndex=3, id=swanky, name=swanky, email=inanalysis.github.io@gmail.com, password=swanky, roles=ADMIN,USER, projects=[], apis=[])
[2017-12-11 14:31:47,948][DEBUG][restartedMain][UserInfoBuilder] build=UserInfo(index=3, id=swanky, name=swanky, email=inanalysis.github.io@gmail.com, password=swanky, roles=[ADMIN, USER], projects={}, apis={})
[2017-12-11 14:31:47,948][DEBUG][restartedMain][UserInfoBuilder] input=UserEntity(userIndex=4, id=mark, name=mark, email=inanalysis.github.io@gmail.com, password=mark, roles=ADMIN,USER, projects=[], apis=[])
[2017-12-11 14:31:47,948][DEBUG][restartedMain][UserInfoBuilder] build=UserInfo(index=4, id=mark, name=mark, email=inanalysis.github.io@gmail.com, password=mark, roles=[ADMIN, USER], projects={}, apis={})
[2017-12-11 14:31:47,948][DEBUG][restartedMain][UserInfoBuilder] input=UserEntity(userIndex=5, id=alice, name=alice, email=inanalysis.github.io@gmail.com, password=alice, roles=ADMIN,USER, projects=[], apis=[])
[2017-12-11 14:31:47,948][DEBUG][restartedMain][UserInfoBuilder] build=UserInfo(index=5, id=alice, name=alice, email=inanalysis.github.io@gmail.com, password=alice, roles=[ADMIN, USER], projects={}, apis={})
[2017-12-11 14:31:47,948][DEBUG][restartedMain][UserInfoBuilder] input=UserEntity(userIndex=6, id=coco, name=coco, email=inanalysis.github.io@gmail.com, password=coco, roles=ADMIN,USER, projects=[], apis=[])
[2017-12-11 14:31:47,949][DEBUG][restartedMain][UserInfoBuilder] build=UserInfo(index=6, id=coco, name=coco, email=inanalysis.github.io@gmail.com, password=coco, roles=[ADMIN, USER], projects={}, apis={})
[2017-12-11 14:31:47,949][DEBUG][restartedMain][UserInfoBuilder] input=UserEntity(userIndex=7, id=guest, name=guest, email=inanalysis.github.io@gmail.com, password=guest, roles=USER, projects=[], apis=[])
[2017-12-11 14:31:47,949][DEBUG][restartedMain][UserInfoBuilder] build=UserInfo(index=7, id=guest, name=guest, email=inanalysis.github.io@gmail.com, password=guest, roles=[USER], projects={}, apis={})
[2017-12-11 14:31:49,035][DEBUG][restartedMain][WebSecurityConfig] configure start=org.springframework.security.config.annotation.web.builders.HttpSecurity@6081e4c3
[2017-12-11 14:31:49,047][DEBUG][restartedMain][WebSecurityConfig] configure end=org.springframework.security.config.annotation.web.builders.HttpSecurity@6081e4c3
[2017-12-11 14:31:50,160][INFO][restartedMain][InPossibleApplication] Started InPossibleApplication in 8.33 seconds (JVM running for 8.801)
[2017-12-11 14:32:07,163][ERROR][http-nio-8006-exec-3][[dispatcherServlet]] Servlet.service() for servlet [dispatcherServlet] in context with path [] threw exception
java.lang.NullPointerException: null
	at org.springframework.boot.autoconfigure.security.StaticResourceRequest$StaticResourceRequestMatcher.matches(StaticResourceRequest.java:184)
	at org.springframework.boot.autoconfigure.security.StaticResourceRequest$StaticResourceRequestMatcher.matches(StaticResourceRequest.java:130)
	at org.springframework.boot.security.ApplicationContextRequestMatcher.matches(ApplicationContextRequestMatcher.java:57)
	at org.springframework.security.web.access.intercept.DefaultFilterInvocationSecurityMetadataSource.getAttributes(DefaultFilterInvocationSecurityMetadataSource.java:95)
	at org.springframework.security.access.intercept.AbstractSecurityInterceptor.beforeInvocation(AbstractSecurityInterceptor.java:197)
	at org.springframework.security.web.access.intercept.FilterSecurityInterceptor.invoke(FilterSecurityInterceptor.java:124)
	at org.springframework.security.web.access.intercept.FilterSecurityInterceptor.doFilter(FilterSecurityInterceptor.java:91)
	at org.springframework.security.web.FilterChainProxy$VirtualFilterChain.doFilter(FilterChainProxy.java:331)
	at org.springframework.security.web.access.ExceptionTranslationFilter.doFilter(ExceptionTranslationFilter.java:114)
	at org.springframework.security.web.FilterChainProxy$VirtualFilterChain.doFilter(FilterChainProxy.java:331)
	at org.springframework.security.web.session.SessionManagementFilter.doFilter(SessionManagementFilter.java:137)
	at org.springframework.security.web.FilterChainProxy$VirtualFilterChain.doFilter(FilterChainProxy.java:331)
	at org.springframework.security.web.authentication.AnonymousAuthenticationFilter.doFilter(AnonymousAuthenticationFilter.java:111)
	at org.springframework.security.web.FilterChainProxy$VirtualFilterChain.doFilter(FilterChainProxy.java:331)
	at org.springframework.security.web.servletapi.SecurityContextHolderAwareRequestFilter.doFilter(SecurityContextHolderAwareRequestFilter.java:170)
	at org.springframework.security.web.FilterChainProxy$VirtualFilterChain.doFilter(FilterChainProxy.java:331)
	at org.springframework.security.web.savedrequest.RequestCacheAwareFilter.doFilter(RequestCacheAwareFilter.java:63)
	at org.springframework.security.web.FilterChainProxy$VirtualFilterChain.doFilter(FilterChainProxy.java:331)
	at org.springframework.security.web.authentication.AbstractAuthenticationProcessingFilter.doFilter(AbstractAuthenticationProcessingFilter.java:200)
	at org.springframework.security.web.FilterChainProxy$VirtualFilterChain.doFilter(FilterChainProxy.java:331)
	at org.springframework.security.web.authentication.logout.LogoutFilter.doFilter(LogoutFilter.java:116)
	at org.springframework.security.web.FilterChainProxy$VirtualFilterChain.doFilter(FilterChainProxy.java:331)
	at org.springframework.security.web.header.HeaderWriterFilter.doFilterInternal(HeaderWriterFilter.java:64)
	at org.springframework.web.filter.OncePerRequestFilter.doFilter(OncePerRequestFilter.java:107)
	at org.springframework.security.web.FilterChainProxy$VirtualFilterChain.doFilter(FilterChainProxy.java:331)
	at org.springframework.security.web.context.SecurityContextPersistenceFilter.doFilter(SecurityContextPersistenceFilter.java:105)
	at org.springframework.security.web.FilterChainProxy$VirtualFilterChain.doFilter(FilterChainProxy.java:331)
	at org.springframework.security.web.context.request.async.WebAsyncManagerIntegrationFilter.doFilterInternal(WebAsyncManagerIntegrationFilter.java:56)
	at org.springframework.web.filter.OncePerRequestFilter.doFilter(OncePerRequestFilter.java:107)
	at org.springframework.security.web.FilterChainProxy$VirtualFilterChain.doFilter(FilterChainProxy.java:331)
	at org.springframework.security.web.FilterChainProxy.doFilterInternal(FilterChainProxy.java:214)
	at org.springframework.security.web.FilterChainProxy.doFilter(FilterChainProxy.java:177)
	at org.springframework.web.filter.DelegatingFilterProxy.invokeDelegate(DelegatingFilterProxy.java:357)
	at org.springframework.web.filter.DelegatingFilterProxy.doFilter(DelegatingFilterProxy.java:270)
	at org.apache.catalina.core.ApplicationFilterChain.internalDoFilter(ApplicationFilterChain.java:193)
	at org.apache.catalina.core.ApplicationFilterChain.doFilter(ApplicationFilterChain.java:166)
	at org.springframework.web.filter.RequestContextFilter.doFilterInternal(RequestContextFilter.java:99)
	at org.springframework.web.filter.OncePerRequestFilter.doFilter(OncePerRequestFilter.java:107)
	at org.apache.catalina.core.ApplicationFilterChain.internalDoFilter(ApplicationFilterChain.java:193)
	at org.apache.catalina.core.ApplicationFilterChain.doFilter(ApplicationFilterChain.java:166)
	at org.springframework.web.filter.HttpPutFormContentFilter.doFilterInternal(HttpPutFormContentFilter.java:108)
	at org.springframework.web.filter.OncePerRequestFilter.doFilter(OncePerRequestFilter.java:107)
	at org.apache.catalina.core.ApplicationFilterChain.internalDoFilter(ApplicationFilterChain.java:193)
	at org.apache.catalina.core.ApplicationFilterChain.doFilter(ApplicationFilterChain.java:166)
	at org.springframework.web.filter.HiddenHttpMethodFilter.doFilterInternal(HiddenHttpMethodFilter.java:81)
	at org.springframework.web.filter.OncePerRequestFilter.doFilter(OncePerRequestFilter.java:107)
	at org.apache.catalina.core.ApplicationFilterChain.internalDoFilter(ApplicationFilterChain.java:193)
	at org.apache.catalina.core.ApplicationFilterChain.doFilter(ApplicationFilterChain.java:166)
	at org.springframework.web.filter.CharacterEncodingFilter.doFilterInternal(CharacterEncodingFilter.java:200)
	at org.springframework.web.filter.OncePerRequestFilter.doFilter(OncePerRequestFilter.java:107)
	at org.apache.catalina.core.ApplicationFilterChain.internalDoFilter(ApplicationFilterChain.java:193)
	at org.apache.catalina.core.ApplicationFilterChain.doFilter(ApplicationFilterChain.java:166)
	at org.apache.catalina.core.StandardWrapperValve.invoke(StandardWrapperValve.java:199)
	at org.apache.catalina.core.StandardContextValve.invoke(StandardContextValve.java:96)
	at org.apache.catalina.authenticator.AuthenticatorBase.invoke(AuthenticatorBase.java:478)
	at org.apache.catalina.core.StandardHostValve.invoke(StandardHostValve.java:140)
	at org.apache.catalina.valves.ErrorReportValve.invoke(ErrorReportValve.java:81)
	at org.apache.catalina.core.StandardEngineValve.invoke(StandardEngineValve.java:87)
	at org.apache.catalina.connector.CoyoteAdapter.service(CoyoteAdapter.java:342)
	at org.apache.coyote.http11.Http11Processor.service(Http11Processor.java:803)
	at org.apache.coyote.AbstractProcessorLight.process(AbstractProcessorLight.java:66)
	at org.apache.coyote.AbstractProtocol$ConnectionHandler.process(AbstractProtocol.java:868)
	at org.apache.tomcat.util.net.NioEndpoint$SocketProcessor.doRun(NioEndpoint.java:1459)
	at org.apache.tomcat.util.net.SocketProcessorBase.run(SocketProcessorBase.java:49)
	at java.util.concurrent.ThreadPoolExecutor.runWorker(ThreadPoolExecutor.java:1142)
	at java.util.concurrent.ThreadPoolExecutor$Worker.run(ThreadPoolExecutor.java:617)
	at org.apache.tomcat.util.threads.TaskThread$WrappingRunnable.run(TaskThread.java:61)
	at java.lang.Thread.run(Thread.java:745)
[2017-12-11 14:32:45,500][WARN][Thread-7][DisposableBeanAdapter] Invocation of destroy method failed on bean with name 'classPathFileSystemWatcher': java.lang.NullPointerException
[2017-12-11 14:32:45,890][INFO][restartedMain][InPossibleApplication] Starting InPossibleApplication on Alice-PC with PID 9124 (C:\Users\Alice\Documents\inpossible\target\classes started by Alice in C:\Users\Alice\Documents\inpossible)
[2017-12-11 14:32:45,890][DEBUG][restartedMain][InPossibleApplication] Running with Spring Boot v2.0.0.M5, Spring v5.0.0.RELEASE
[2017-12-11 14:32:45,891][INFO][restartedMain][InPossibleApplication] No active profile set, falling back to default profiles: default
[2017-12-11 14:32:47,241][INFO][restartedMain][InAnalysisConfig] ConfigPrefix[in-analysis]: InAnalysisConfig(csvFileUploadDirectory=upload-dir, pythonServerUrl=http://127.0.0.1:8002, rServerUrl=disable)
[2017-12-11 14:32:47,460][DEBUG][restartedMain][UserInfoBuilder] input=UserEntity(userIndex=1, id=iii, name=iii, email=inanalysis.github.io@gmail.com, password=iii, roles=ADMIN,USER, projects=[], apis=[])
[2017-12-11 14:32:47,463][DEBUG][restartedMain][UserInfoBuilder] build=UserInfo(index=1, id=iii, name=iii, email=inanalysis.github.io@gmail.com, password=iii, roles=[ADMIN, USER], projects={}, apis={})
[2017-12-11 14:32:47,463][DEBUG][restartedMain][UserInfoBuilder] input=UserEntity(userIndex=2, id=teddy, name=teddy, email=inanalysis.github.io@gmail.com, password=teddy, roles=ADMIN,USER, projects=[], apis=[])
[2017-12-11 14:32:47,463][DEBUG][restartedMain][UserInfoBuilder] build=UserInfo(index=2, id=teddy, name=teddy, email=inanalysis.github.io@gmail.com, password=teddy, roles=[ADMIN, USER], projects={}, apis={})
[2017-12-11 14:32:47,463][DEBUG][restartedMain][UserInfoBuilder] input=UserEntity(userIndex=3, id=swanky, name=swanky, email=inanalysis.github.io@gmail.com, password=swanky, roles=ADMIN,USER, projects=[], apis=[])
[2017-12-11 14:32:47,463][DEBUG][restartedMain][UserInfoBuilder] build=UserInfo(index=3, id=swanky, name=swanky, email=inanalysis.github.io@gmail.com, password=swanky, roles=[ADMIN, USER], projects={}, apis={})
[2017-12-11 14:32:47,463][DEBUG][restartedMain][UserInfoBuilder] input=UserEntity(userIndex=4, id=mark, name=mark, email=inanalysis.github.io@gmail.com, password=mark, roles=ADMIN,USER, projects=[], apis=[])
[2017-12-11 14:32:47,463][DEBUG][restartedMain][UserInfoBuilder] build=UserInfo(index=4, id=mark, name=mark, email=inanalysis.github.io@gmail.com, password=mark, roles=[ADMIN, USER], projects={}, apis={})
[2017-12-11 14:32:47,463][DEBUG][restartedMain][UserInfoBuilder] input=UserEntity(userIndex=5, id=alice, name=alice, email=inanalysis.github.io@gmail.com, password=alice, roles=ADMIN,USER, projects=[], apis=[])
[2017-12-11 14:32:47,463][DEBUG][restartedMain][UserInfoBuilder] build=UserInfo(index=5, id=alice, name=alice, email=inanalysis.github.io@gmail.com, password=alice, roles=[ADMIN, USER], projects={}, apis={})
[2017-12-11 14:32:47,463][DEBUG][restartedMain][UserInfoBuilder] input=UserEntity(userIndex=6, id=coco, name=coco, email=inanalysis.github.io@gmail.com, password=coco, roles=ADMIN,USER, projects=[], apis=[])
[2017-12-11 14:32:47,463][DEBUG][restartedMain][UserInfoBuilder] build=UserInfo(index=6, id=coco, name=coco, email=inanalysis.github.io@gmail.com, password=coco, roles=[ADMIN, USER], projects={}, apis={})
[2017-12-11 14:32:47,463][DEBUG][restartedMain][UserInfoBuilder] input=UserEntity(userIndex=7, id=guest, name=guest, email=inanalysis.github.io@gmail.com, password=guest, roles=USER, projects=[], apis=[])
[2017-12-11 14:32:47,464][DEBUG][restartedMain][UserInfoBuilder] build=UserInfo(index=7, id=guest, name=guest, email=inanalysis.github.io@gmail.com, password=guest, roles=[USER], projects={}, apis={})
[2017-12-11 14:32:47,814][DEBUG][restartedMain][WebSecurityConfig] configure start=org.springframework.security.config.annotation.web.builders.HttpSecurity@36a30386
[2017-12-11 14:32:47,815][DEBUG][restartedMain][WebSecurityConfig] configure end=org.springframework.security.config.annotation.web.builders.HttpSecurity@36a30386
[2017-12-11 14:32:48,255][INFO][restartedMain][InPossibleApplication] Started InPossibleApplication in 2.441 seconds (JVM running for 66.895)
[2017-12-11 14:32:59,223][WARN][Thread-11][DisposableBeanAdapter] Invocation of destroy method failed on bean with name 'classPathFileSystemWatcher': java.lang.NullPointerException
[2017-12-11 14:32:59,510][INFO][restartedMain][InPossibleApplication] Starting InPossibleApplication on Alice-PC with PID 9124 (C:\Users\Alice\Documents\inpossible\target\classes started by Alice in C:\Users\Alice\Documents\inpossible)
[2017-12-11 14:32:59,510][DEBUG][restartedMain][InPossibleApplication] Running with Spring Boot v2.0.0.M5, Spring v5.0.0.RELEASE
[2017-12-11 14:32:59,510][INFO][restartedMain][InPossibleApplication] No active profile set, falling back to default profiles: default
[2017-12-11 14:33:00,803][INFO][restartedMain][InAnalysisConfig] ConfigPrefix[in-analysis]: InAnalysisConfig(csvFileUploadDirectory=upload-dir, pythonServerUrl=http://127.0.0.1:8002, rServerUrl=disable)
[2017-12-11 14:33:00,988][DEBUG][restartedMain][UserInfoBuilder] input=UserEntity(userIndex=1, id=iii, name=iii, email=inanalysis.github.io@gmail.com, password=iii, roles=ADMIN,USER, projects=[], apis=[])
[2017-12-11 14:33:00,991][DEBUG][restartedMain][UserInfoBuilder] build=UserInfo(index=1, id=iii, name=iii, email=inanalysis.github.io@gmail.com, password=iii, roles=[ADMIN, USER], projects={}, apis={})
[2017-12-11 14:33:00,991][DEBUG][restartedMain][UserInfoBuilder] input=UserEntity(userIndex=2, id=teddy, name=teddy, email=inanalysis.github.io@gmail.com, password=teddy, roles=ADMIN,USER, projects=[], apis=[])
[2017-12-11 14:33:00,991][DEBUG][restartedMain][UserInfoBuilder] build=UserInfo(index=2, id=teddy, name=teddy, email=inanalysis.github.io@gmail.com, password=teddy, roles=[ADMIN, USER], projects={}, apis={})
[2017-12-11 14:33:00,991][DEBUG][restartedMain][UserInfoBuilder] input=UserEntity(userIndex=3, id=swanky, name=swanky, email=inanalysis.github.io@gmail.com, password=swanky, roles=ADMIN,USER, projects=[], apis=[])
[2017-12-11 14:33:00,991][DEBUG][restartedMain][UserInfoBuilder] build=UserInfo(index=3, id=swanky, name=swanky, email=inanalysis.github.io@gmail.com, password=swanky, roles=[ADMIN, USER], projects={}, apis={})
[2017-12-11 14:33:00,991][DEBUG][restartedMain][UserInfoBuilder] input=UserEntity(userIndex=4, id=mark, name=mark, email=inanalysis.github.io@gmail.com, password=mark, roles=ADMIN,USER, projects=[], apis=[])
[2017-12-11 14:33:00,991][DEBUG][restartedMain][UserInfoBuilder] build=UserInfo(index=4, id=mark, name=mark, email=inanalysis.github.io@gmail.com, password=mark, roles=[ADMIN, USER], projects={}, apis={})
[2017-12-11 14:33:00,991][DEBUG][restartedMain][UserInfoBuilder] input=UserEntity(userIndex=5, id=alice, name=alice, email=inanalysis.github.io@gmail.com, password=alice, roles=ADMIN,USER, projects=[], apis=[])
[2017-12-11 14:33:00,991][DEBUG][restartedMain][UserInfoBuilder] build=UserInfo(index=5, id=alice, name=alice, email=inanalysis.github.io@gmail.com, password=alice, roles=[ADMIN, USER], projects={}, apis={})
[2017-12-11 14:33:00,992][DEBUG][restartedMain][UserInfoBuilder] input=UserEntity(userIndex=6, id=coco, name=coco, email=inanalysis.github.io@gmail.com, password=coco, roles=ADMIN,USER, projects=[], apis=[])
[2017-12-11 14:33:00,992][DEBUG][restartedMain][UserInfoBuilder] build=UserInfo(index=6, id=coco, name=coco, email=inanalysis.github.io@gmail.com, password=coco, roles=[ADMIN, USER], projects={}, apis={})
[2017-12-11 14:33:00,992][DEBUG][restartedMain][UserInfoBuilder] input=UserEntity(userIndex=7, id=guest, name=guest, email=inanalysis.github.io@gmail.com, password=guest, roles=USER, projects=[], apis=[])
[2017-12-11 14:33:00,992][DEBUG][restartedMain][UserInfoBuilder] build=UserInfo(index=7, id=guest, name=guest, email=inanalysis.github.io@gmail.com, password=guest, roles=[USER], projects={}, apis={})
[2017-12-11 14:33:01,291][DEBUG][restartedMain][WebSecurityConfig] configure start=org.springframework.security.config.annotation.web.builders.HttpSecurity@12d235ea
[2017-12-11 14:33:01,291][DEBUG][restartedMain][WebSecurityConfig] configure end=org.springframework.security.config.annotation.web.builders.HttpSecurity@12d235ea
[2017-12-11 14:33:01,742][INFO][restartedMain][InPossibleApplication] Started InPossibleApplication in 2.275 seconds (JVM running for 80.382)
[2017-12-11 14:34:52,792][DEBUG][http-nio-8008-exec-2][UserAuthService] loadUserByUsername[alice]
[2017-12-11 14:34:52,792][DEBUG][http-nio-8008-exec-2][UserInfoService] findUserInfoById[alice]=Optional[UserInfo(index=5, id=alice, name=alice, email=inanalysis.github.io@gmail.com, password=alice, roles=[ADMIN, USER], projects={}, apis={})]
[2017-12-11 14:34:52,794][DEBUG][http-nio-8008-exec-2][UserAuthService] loadUserByUsername[alice]=org.springframework.security.core.userdetails.User@5899680: Username: alice; Password: [PROTECTED]; Enabled: true; AccountNonExpired: true; credentialsNonExpired: true; AccountNonLocked: true; Granted Authorities: ROLE_ADMIN,ROLE_USER
[2017-12-11 14:34:52,812][DEBUG][http-nio-8008-exec-3][AnalysisServerUtil] getServerUrl[PYTHON]: Optional[http://127.0.0.1:8002]
[2017-12-11 14:34:52,829][DEBUG][http-nio-8008-exec-3][NetworkUtil] testUrl[http://127.0.0.1:8002]: true
[2017-12-11 14:34:52,829][DEBUG][http-nio-8008-exec-3][AnalysisServerUtil] testServerAvailable[PYTHON]: true
[2017-12-11 14:34:52,832][DEBUG][http-nio-8008-exec-3][ServerStatusCache] getServerStatus[PYTHON]=true
[2017-12-11 14:34:52,832][DEBUG][http-nio-8008-exec-3][AnalysisServerUtil] getServerUrl[R]: Optional.empty
[2017-12-11 14:34:52,832][DEBUG][http-nio-8008-exec-3][AnalysisServerUtil] testServerAvailable[R]: false
[2017-12-11 14:34:52,832][DEBUG][http-nio-8008-exec-3][ServerStatusCache] getServerStatus[R]=false
[2017-12-11 14:34:52,833][DEBUG][http-nio-8008-exec-3][UserInfoService] findUserInfoById[alice]=Optional[UserInfo(index=5, id=alice, name=alice, email=inanalysis.github.io@gmail.com, password=alice, roles=[ADMIN, USER], projects={}, apis={})]
[2017-12-11 14:34:52,834][DEBUG][http-nio-8008-exec-3][IndexController] index[alice]=Optional[UserInfo(index=5, id=alice, name=alice, email=inanalysis.github.io@gmail.com, password=alice, roles=[ADMIN, USER], projects={}, apis={})]
[2017-12-11 14:34:52,834][DEBUG][http-nio-8008-exec-3][IndexController] Index Show Userinfo=UserInfo(index=5, id=alice, name=alice, email=inanalysis.github.io@gmail.com, password=alice, roles=[ADMIN, USER], projects={}, apis={})
[2017-12-11 14:34:52,834][DEBUG][http-nio-8008-exec-3][IndexController] projectTotal=0,apiTotal=0
[2017-12-11 14:34:55,397][DEBUG][http-nio-8008-exec-1][ServerStatusCache] getServerStatus[PYTHON]=true
[2017-12-11 14:34:55,397][DEBUG][http-nio-8008-exec-1][ServerStatusCache] getServerStatus[R]=false
[2017-12-11 14:34:55,397][DEBUG][http-nio-8008-exec-1][UserInfoService] findUserInfoById[alice]=Optional[UserInfo(index=5, id=alice, name=alice, email=inanalysis.github.io@gmail.com, password=alice, roles=[ADMIN, USER], projects={}, apis={})]
[2017-12-11 14:34:55,397][DEBUG][http-nio-8008-exec-1][ProjectManagementController] index[alice]=Optional[UserInfo(index=5, id=alice, name=alice, email=inanalysis.github.io@gmail.com, password=alice, roles=[ADMIN, USER], projects={}, apis={})]
[2017-12-11 14:34:55,398][DEBUG][http-nio-8008-exec-1][ProjectManagementController] collection__projectList=[]
[2017-12-11 14:34:58,986][DEBUG][http-nio-8008-exec-6][AnalysisServerUtil] getServerUrl[PYTHON]: Optional[http://127.0.0.1:8002]
[2017-12-11 14:34:58,995][DEBUG][http-nio-8008-exec-6][NetworkUtil] testUrl[http://127.0.0.1:8002]: true
[2017-12-11 14:34:58,995][DEBUG][http-nio-8008-exec-6][AnalysisServerUtil] testServerAvailable[PYTHON]: true
[2017-12-11 14:34:58,996][DEBUG][http-nio-8008-exec-6][ServerStatusCache] getServerStatus[PYTHON]=true
[2017-12-11 14:34:58,996][DEBUG][http-nio-8008-exec-6][AnalysisServerUtil] getServerUrl[R]: Optional.empty
[2017-12-11 14:34:58,996][DEBUG][http-nio-8008-exec-6][AnalysisServerUtil] testServerAvailable[R]: false
[2017-12-11 14:34:58,996][DEBUG][http-nio-8008-exec-6][ServerStatusCache] getServerStatus[R]=false
[2017-12-11 14:34:59,000][DEBUG][http-nio-8008-exec-6][ProjectManagementController] doCreateProject,CreateProjectParam=ProjectManagementController.CreateProjectParam(projectName=Untitled Project, projectType=abnormal-detection)
[2017-12-11 14:34:59,000][DEBUG][http-nio-8008-exec-6][ProjectManagementController] /create-projectaction=Create Project userId=alice
[2017-12-11 14:34:59,000][DEBUG][http-nio-8008-exec-6][ProjectInfoService] CreateProjectParam param=ProjectManagementController.CreateProjectParam(projectName=Untitled Project, projectType=abnormal-detection)
[2017-12-11 14:34:59,001][DEBUG][http-nio-8008-exec-6][ProjectInfoService] After_UUID_projectId=dc078f36-2692-47ca-9bda-fcc77339a088
[2017-12-11 14:34:59,001][DEBUG][http-nio-8008-exec-6][ProjectManagementController] /create-projectaction=doCreateProject_ projectService.buildProjectInfo=ProjectInfo(index=null, deleteUrl=/delete-project/project/dc078f36-2692-47ca-9bda-fcc77339a088, id=dc078f36-2692-47ca-9bda-fcc77339a088, name=Untitled Project, type=abnormal-detection, csvs=[], models=[])
[2017-12-11 14:34:59,001][DEBUG][http-nio-8008-exec-6][ProjectManagementController] /create-projectaction=doCreateProject_ projectInfo=ProjectInfo(index=null, deleteUrl=/delete-project/project/dc078f36-2692-47ca-9bda-fcc77339a088, id=dc078f36-2692-47ca-9bda-fcc77339a088, name=Untitled Project, type=abnormal-detection, csvs=[], models=[])
[2017-12-11 14:34:59,001][DEBUG][http-nio-8008-exec-6][UserInfoService] addProject ProjectInfo=ProjectInfo(index=null, deleteUrl=/delete-project/project/dc078f36-2692-47ca-9bda-fcc77339a088, id=dc078f36-2692-47ca-9bda-fcc77339a088, name=Untitled Project, type=abnormal-detection, csvs=[], models=[])
[2017-12-11 14:34:59,001][DEBUG][http-nio-8008-exec-6][UserInfoService] findUserInfoById[alice]=Optional[UserInfo(index=5, id=alice, name=alice, email=inanalysis.github.io@gmail.com, password=alice, roles=[ADMIN, USER], projects={}, apis={})]
[2017-12-11 14:34:59,002][DEBUG][http-nio-8008-exec-6][UserInfoService] addProject to userInfo=UserInfo(index=5, id=alice, name=alice, email=inanalysis.github.io@gmail.com, password=alice, roles=[ADMIN, USER], projects={}, apis={})
[2017-12-11 14:34:59,002][DEBUG][http-nio-8008-exec-6][UserEntityBuilder] input=UserInfo(index=5, id=alice, name=alice, email=inanalysis.github.io@gmail.com, password=alice, roles=[ADMIN, USER], projects={}, apis={})
[2017-12-11 14:34:59,003][DEBUG][http-nio-8008-exec-6][UserEntityBuilder] result=UserEntity(userIndex=5, id=alice, name=alice, email=inanalysis.github.io@gmail.com, password=alice, roles=ADMIN,USER, projects=[], apis=[])
[2017-12-11 14:34:59,003][DEBUG][http-nio-8008-exec-6][ProjectEntityBuilder] input=ProjectInfo(index=null, deleteUrl=/delete-project/project/dc078f36-2692-47ca-9bda-fcc77339a088, id=dc078f36-2692-47ca-9bda-fcc77339a088, name=Untitled Project, type=abnormal-detection, csvs=[], models=[])
[2017-12-11 14:34:59,005][DEBUG][http-nio-8008-exec-6][ProjectEntityBuilder] result=ProjectEntity(projectIndex=null, id=dc078f36-2692-47ca-9bda-fcc77339a088, name=Untitled Project, type=abnormal-detection, csvs=[], models=[])
[2017-12-11 14:34:59,033][DEBUG][http-nio-8008-exec-6][UserInfoService] addProject ProjectEntity=ProjectEntity(projectIndex=1, id=dc078f36-2692-47ca-9bda-fcc77339a088, name=Untitled Project, type=abnormal-detection, csvs=[], models=[])
[2017-12-11 14:34:59,033][DEBUG][http-nio-8008-exec-6][UserInfoService] AfterSetIndexFromDB_ProjectInfo=ProjectInfo(index=1, deleteUrl=/delete-project/project/dc078f36-2692-47ca-9bda-fcc77339a088, id=dc078f36-2692-47ca-9bda-fcc77339a088, name=Untitled Project, type=abnormal-detection, csvs=[], models=[])
[2017-12-11 14:34:59,033][DEBUG][http-nio-8008-exec-6][UserInfoService] add_info_id=dc078f36-2692-47ca-9bda-fcc77339a088
[2017-12-11 14:34:59,033][DEBUG][http-nio-8008-exec-6][UserInfoService] afterPutNewProject_userInfo=UserInfo(index=5, id=alice, name=alice, email=inanalysis.github.io@gmail.com, password=alice, roles=[ADMIN, USER], projects={dc078f36-2692-47ca-9bda-fcc77339a088=ProjectInfo(index=1, deleteUrl=/delete-project/project/dc078f36-2692-47ca-9bda-fcc77339a088, id=dc078f36-2692-47ca-9bda-fcc77339a088, name=Untitled Project, type=abnormal-detection, csvs=[], models=[])}, apis={})
[2017-12-11 14:34:59,033][DEBUG][http-nio-8008-exec-6][ProjectInfoService] After_DB_CREATE_PROJECT_return void
[2017-12-11 14:34:59,033][DEBUG][http-nio-8008-exec-6][ProjectManagementController] after_call_projctService_addProjec=ProjectInfo(index=1, deleteUrl=/delete-project/project/dc078f36-2692-47ca-9bda-fcc77339a088, id=dc078f36-2692-47ca-9bda-fcc77339a088, name=Untitled Project, type=abnormal-detection, csvs=[], models=[])
[2017-12-11 14:34:59,033][DEBUG][http-nio-8008-exec-6][UserInfoService] findUserInfoById[alice]=Optional[UserInfo(index=5, id=alice, name=alice, email=inanalysis.github.io@gmail.com, password=alice, roles=[ADMIN, USER], projects={dc078f36-2692-47ca-9bda-fcc77339a088=ProjectInfo(index=1, deleteUrl=/delete-project/project/dc078f36-2692-47ca-9bda-fcc77339a088, id=dc078f36-2692-47ca-9bda-fcc77339a088, name=Untitled Project, type=abnormal-detection, csvs=[], models=[])}, apis={})]
[2017-12-11 14:34:59,033][DEBUG][http-nio-8008-exec-6][ProjectManagementController] /create-projectaction=Create Project addProjectInfoInUserInfo = [ProjectInfo(index=1, deleteUrl=/delete-project/project/dc078f36-2692-47ca-9bda-fcc77339a088, id=dc078f36-2692-47ca-9bda-fcc77339a088, name=Untitled Project, type=abnormal-detection, csvs=[], models=[])]
[2017-12-11 14:35:00,980][DEBUG][http-nio-8008-exec-5][ServerStatusCache] getServerStatus[PYTHON]=true
[2017-12-11 14:35:00,982][DEBUG][http-nio-8008-exec-5][ServerStatusCache] getServerStatus[R]=false
[2017-12-11 14:35:00,985][DEBUG][http-nio-8008-exec-5][ProjectController] user=alice, project=dc078f36-2692-47ca-9bda-fcc77339a088
[2017-12-11 14:35:00,985][DEBUG][http-nio-8008-exec-5][UserInfoService] findUserInfoById[alice]=Optional[UserInfo(index=5, id=alice, name=alice, email=inanalysis.github.io@gmail.com, password=alice, roles=[ADMIN, USER], projects={dc078f36-2692-47ca-9bda-fcc77339a088=ProjectInfo(index=1, deleteUrl=/delete-project/project/dc078f36-2692-47ca-9bda-fcc77339a088, id=dc078f36-2692-47ca-9bda-fcc77339a088, name=Untitled Project, type=abnormal-detection, csvs=[], models=[])}, apis={})]
[2017-12-11 14:35:00,987][DEBUG][http-nio-8008-exec-5][UserInfoService] findUserInfoById[alice]=Optional[UserInfo(index=5, id=alice, name=alice, email=inanalysis.github.io@gmail.com, password=alice, roles=[ADMIN, USER], projects={dc078f36-2692-47ca-9bda-fcc77339a088=ProjectInfo(index=1, deleteUrl=/delete-project/project/dc078f36-2692-47ca-9bda-fcc77339a088, id=dc078f36-2692-47ca-9bda-fcc77339a088, name=Untitled Project, type=abnormal-detection, csvs=[], models=[])}, apis={})]
[2017-12-11 14:35:00,988][DEBUG][http-nio-8008-exec-5][AnalysisServerUtil] server=PYTHON, path=/user, args=[alice, csv]
[2017-12-11 14:35:00,988][DEBUG][http-nio-8008-exec-5][AnalysisServerUtil] getServerUrl[PYTHON]: Optional[http://127.0.0.1:8002]
[2017-12-11 14:35:00,999][DEBUG][http-nio-8008-exec-5][AnalysisServerUtil] buildUrl=http://127.0.0.1:8002/user/alice/csv
[2017-12-11 14:35:00,999][DEBUG][http-nio-8008-exec-5][UserCsvService] url=http://127.0.0.1:8002/user/alice/csv/dc078f36-2692-47ca-9bda-fcc77339a088
[2017-12-11 14:35:01,044][DEBUG][http-nio-8008-exec-5][LogRequestResponseFilter] REQ[GET](http://127.0.0.1:8002/user/alice/csv/dc078f36-2692-47ca-9bda-fcc77339a088)
[2017-12-11 14:35:01,052][DEBUG][http-nio-8008-exec-5][LogRequestResponseFilter] RES[200-OK]: {"status":"ok","description":"Get files successfully","csv_files":[]}
[2017-12-11 14:35:01,063][DEBUG][http-nio-8008-exec-5][AnalysisServerUtil] server=PYTHON, path=/user, args=[alice, model]
[2017-12-11 14:35:01,063][DEBUG][http-nio-8008-exec-5][AnalysisServerUtil] getServerUrl[PYTHON]: Optional[http://127.0.0.1:8002]
[2017-12-11 14:35:01,064][DEBUG][http-nio-8008-exec-5][AnalysisServerUtil] buildUrl=http://127.0.0.1:8002/user/alice/model
[2017-12-11 14:35:01,064][DEBUG][http-nio-8008-exec-5][UserModelService] url=http://127.0.0.1:8002/user/alice/model/dc078f36-2692-47ca-9bda-fcc77339a088
[2017-12-11 14:35:01,070][DEBUG][http-nio-8008-exec-5][LogRequestResponseFilter] REQ[GET](http://127.0.0.1:8002/user/alice/model/dc078f36-2692-47ca-9bda-fcc77339a088)
[2017-12-11 14:35:01,085][DEBUG][http-nio-8008-exec-5][LogRequestResponseFilter] RES[200-OK]: {"status":"ok","description":"model not found","model_list":[]}
[2017-12-11 14:35:01,087][DEBUG][http-nio-8008-exec-5][ProjectController] toProjectPage_project=ProjectInfo(index=1, deleteUrl=/delete-project/project/dc078f36-2692-47ca-9bda-fcc77339a088, id=dc078f36-2692-47ca-9bda-fcc77339a088, name=Untitled Project, type=abnormal-detection, csvs=[], models=[])
[2017-12-11 14:35:01,087][DEBUG][http-nio-8008-exec-5][ProjectController] toProject projectTypeTemp=abnormal-detection
[2017-12-11 14:35:01,087][DEBUG][http-nio-8008-exec-5][ProjectController] csvSize=0
[2017-12-11 14:35:01,087][DEBUG][http-nio-8008-exec-5][ProjectController] toProject Page_project_after_refresh=ProjectInfo(index=1, deleteUrl=/delete-project/project/dc078f36-2692-47ca-9bda-fcc77339a088, id=dc078f36-2692-47ca-9bda-fcc77339a088, name=Untitled Project, type=abnormal-detection, csvs=[], models=[])
[2017-12-11 14:35:01,087][DEBUG][http-nio-8008-exec-5][UserInfoService] findUserInfoById[alice]=Optional[UserInfo(index=5, id=alice, name=alice, email=inanalysis.github.io@gmail.com, password=alice, roles=[ADMIN, USER], projects={dc078f36-2692-47ca-9bda-fcc77339a088=ProjectInfo(index=1, deleteUrl=/delete-project/project/dc078f36-2692-47ca-9bda-fcc77339a088, id=dc078f36-2692-47ca-9bda-fcc77339a088, name=Untitled Project, type=abnormal-detection, csvs=[], models=[])}, apis={})]
[2017-12-11 14:35:01,087][DEBUG][http-nio-8008-exec-5][AnalysisServerUtil] server=PYTHON, path=/user, args=[alice, csv]
[2017-12-11 14:35:01,088][DEBUG][http-nio-8008-exec-5][AnalysisServerUtil] getServerUrl[PYTHON]: Optional[http://127.0.0.1:8002]
[2017-12-11 14:35:01,088][DEBUG][http-nio-8008-exec-5][AnalysisServerUtil] buildUrl=http://127.0.0.1:8002/user/alice/csv
[2017-12-11 14:35:01,088][DEBUG][http-nio-8008-exec-5][UserCsvService] url=http://127.0.0.1:8002/user/alice/csv/dc078f36-2692-47ca-9bda-fcc77339a088
[2017-12-11 14:35:01,088][DEBUG][http-nio-8008-exec-5][LogRequestResponseFilter] REQ[GET](http://127.0.0.1:8002/user/alice/csv/dc078f36-2692-47ca-9bda-fcc77339a088)
[2017-12-11 14:35:01,092][DEBUG][http-nio-8008-exec-5][LogRequestResponseFilter] RES[200-OK]: {"status":"ok","description":"Get files successfully","csv_files":[]}
[2017-12-11 14:35:01,093][DEBUG][http-nio-8008-exec-5][AnalysisServerUtil] server=PYTHON, path=/user, args=[alice, model]
[2017-12-11 14:35:01,093][DEBUG][http-nio-8008-exec-5][AnalysisServerUtil] getServerUrl[PYTHON]: Optional[http://127.0.0.1:8002]
[2017-12-11 14:35:01,093][DEBUG][http-nio-8008-exec-5][AnalysisServerUtil] buildUrl=http://127.0.0.1:8002/user/alice/model
[2017-12-11 14:35:01,093][DEBUG][http-nio-8008-exec-5][UserModelService] url=http://127.0.0.1:8002/user/alice/model/dc078f36-2692-47ca-9bda-fcc77339a088
[2017-12-11 14:35:01,093][DEBUG][http-nio-8008-exec-5][LogRequestResponseFilter] REQ[GET](http://127.0.0.1:8002/user/alice/model/dc078f36-2692-47ca-9bda-fcc77339a088)
[2017-12-11 14:35:01,110][DEBUG][http-nio-8008-exec-5][LogRequestResponseFilter] RES[200-OK]: {"status":"ok","description":"model not found","model_list":[]}
[2017-12-11 14:35:01,111][DEBUG][http-nio-8008-exec-5][ProjectController] toProject Page_project_after_refresh=ProjectInfo(index=1, deleteUrl=/delete-project/project/dc078f36-2692-47ca-9bda-fcc77339a088, id=dc078f36-2692-47ca-9bda-fcc77339a088, name=Untitled Project, type=abnormal-detection, csvs=[], models=[])
[2017-12-11 14:35:04,770][DEBUG][http-nio-8008-exec-10][AnalysisServerUtil] getServerUrl[PYTHON]: Optional[http://127.0.0.1:8002]
[2017-12-11 14:35:04,781][DEBUG][http-nio-8008-exec-10][NetworkUtil] testUrl[http://127.0.0.1:8002]: true
[2017-12-11 14:35:04,781][DEBUG][http-nio-8008-exec-10][AnalysisServerUtil] testServerAvailable[PYTHON]: true
[2017-12-11 14:35:04,781][DEBUG][http-nio-8008-exec-10][ServerStatusCache] getServerStatus[PYTHON]=true
[2017-12-11 14:35:04,781][DEBUG][http-nio-8008-exec-10][AnalysisServerUtil] getServerUrl[R]: Optional.empty
[2017-12-11 14:35:04,781][DEBUG][http-nio-8008-exec-10][AnalysisServerUtil] testServerAvailable[R]: false
[2017-12-11 14:35:04,781][DEBUG][http-nio-8008-exec-10][ServerStatusCache] getServerStatus[R]=false
[2017-12-11 14:35:04,783][DEBUG][http-nio-8008-exec-10][ProjectController] check_stage=,data-preprocess
[2017-12-11 14:35:04,783][DEBUG][http-nio-8008-exec-10][ProjectController] action=[Upload]_projectId=dc078f36-2692-47ca-9bda-fcc77339a088, fileName=, server=PYTHON, stage=,data-preprocess,Uploaded_file_projectType=abnormal-detection, Uploaded_file_label=
[2017-12-11 14:35:04,783][DEBUG][http-nio-8008-exec-10][ProjectController] action=UploadButNotLabel_stage=data-preprocess_ProjectType=abnormal-detection
[2017-12-11 14:35:04,783][DEBUG][http-nio-8008-exec-10][UserInfoService] findUserInfoById[alice]=Optional[UserInfo(index=5, id=alice, name=alice, email=inanalysis.github.io@gmail.com, password=alice, roles=[ADMIN, USER], projects={dc078f36-2692-47ca-9bda-fcc77339a088=ProjectInfo(index=1, deleteUrl=/delete-project/project/dc078f36-2692-47ca-9bda-fcc77339a088, id=dc078f36-2692-47ca-9bda-fcc77339a088, name=Untitled Project, type=abnormal-detection, csvs=[], models=[])}, apis={})]
[2017-12-11 14:35:04,830][DEBUG][http-nio-8008-exec-10][ProjectController] storeFileSuccess=true
[2017-12-11 14:35:04,831][DEBUG][http-nio-8008-exec-10][ProjectController] store_fileName=pimaFeatures.csv.csv.csv
[2017-12-11 14:35:04,831][DEBUG][http-nio-8008-exec-10][ProjectController] store_path=upload-dir\pimaFeatures.csv.csv.csv
[2017-12-11 14:35:04,831][DEBUG][http-nio-8008-exec-10][ProjectController] storeFileSuccess_fileName=pimaFeatures.csv.csv.csv
[2017-12-11 14:35:04,832][DEBUG][http-nio-8008-exec-10][CsvFileUtil] Enter SplitByCommaOrNot method,line=Pregnant_times,Plasma_glucose,Blood_pressure,BMI,Diabetes pedigree function,Age
[2017-12-11 14:35:04,832][DEBUG][http-nio-8008-exec-10][CsvFileUtil] SplitByCommaOrNot method result = Pregnant_times
[2017-12-11 14:35:04,832][DEBUG][http-nio-8008-exec-10][CsvFileUtil] SplitByCommaOrNot method result = Plasma_glucose
[2017-12-11 14:35:04,832][DEBUG][http-nio-8008-exec-10][CsvFileUtil] SplitByCommaOrNot method result = Blood_pressure
[2017-12-11 14:35:04,832][DEBUG][http-nio-8008-exec-10][CsvFileUtil] SplitByCommaOrNot method result = BMI
[2017-12-11 14:35:04,832][DEBUG][http-nio-8008-exec-10][CsvFileUtil] SplitByCommaOrNot method result = Diabetes pedigree function
[2017-12-11 14:35:04,832][DEBUG][http-nio-8008-exec-10][CsvFileUtil] SplitByCommaOrNot method result = Age
[2017-12-11 14:35:04,832][DEBUG][http-nio-8008-exec-10][ProjectController] columnNames[0].equals=Pregnant_times
[2017-12-11 14:35:04,832][DEBUG][http-nio-8008-exec-10][ProjectController] enter abnormal-detection_stage=data-preprocess,_projectType=abnormal-detection
[2017-12-11 14:35:04,832][DEBUG][http-nio-8008-exec-10][ProjectController] action=SaveLabel_stage=data-preprocess
[2017-12-11 14:35:04,832][DEBUG][http-nio-8008-exec-10][ProjectController] labelTempReplace=
[2017-12-11 14:35:04,832][DEBUG][http-nio-8008-exec-10][UserInfoService] findUserInfoById[alice]=Optional[UserInfo(index=5, id=alice, name=alice, email=inanalysis.github.io@gmail.com, password=alice, roles=[ADMIN, USER], projects={dc078f36-2692-47ca-9bda-fcc77339a088=ProjectInfo(index=1, deleteUrl=/delete-project/project/dc078f36-2692-47ca-9bda-fcc77339a088, id=dc078f36-2692-47ca-9bda-fcc77339a088, name=Untitled Project, type=abnormal-detection, csvs=[], models=[])}, apis={})]
[2017-12-11 14:35:04,833][DEBUG][http-nio-8008-exec-10][ProjectController] fileName=pimaFeatures.csv.csv.csv
[2017-12-11 14:35:04,833][INFO][http-nio-8008-exec-10][CsvService] postCsv input=CsvService.PostCsvInput(server=PYTHON, csvFileName=pimaFeatures.csv.csv.csv, userId=alice, projectId=dc078f36-2692-47ca-9bda-fcc77339a088, projectType=abnormal-detection, stage=data-preprocess, label=)
[2017-12-11 14:35:04,833][DEBUG][http-nio-8008-exec-10][AnalysisServerUtil] server=PYTHON, path=/csv, args=[]
[2017-12-11 14:35:04,834][DEBUG][http-nio-8008-exec-10][AnalysisServerUtil] getServerUrl[PYTHON]: Optional[http://127.0.0.1:8002]
[2017-12-11 14:35:04,834][DEBUG][http-nio-8008-exec-10][AnalysisServerUtil] buildUrl=http://127.0.0.1:8002/csv
[2017-12-11 14:35:04,844][DEBUG][http-nio-8008-exec-10][LogRequestResponseFilter] REQ[POST](http://127.0.0.1:8002/csv): {"download_url":"http://127.0.0.1:8008/file-zip/pimaFeatures.csv.csv.csv","file_name":"pimaFeatures.csv.csv.csv","user_id":"alice","project_id":"dc078f36-2692-47ca-9bda-fcc77339a088","project_type":"abnormal-detection","stage":"data-preprocess","label":""}
[2017-12-11 14:35:04,853][INFO][http-nio-8008-exec-5][CsvFileDownloadApi] downloadFile fileName: pimaFeatures.csv.csv.csv
[2017-12-11 14:35:04,891][DEBUG][http-nio-8008-exec-10][LogRequestResponseFilter] RES[200-OK]: {"status":"ok","description":"Upload successfully","file_id":"6c416d98-de3d-11e7-89c5-408d5c5bc9ef"}
[2017-12-11 14:35:04,892][INFO][http-nio-8008-exec-10][CsvService] postCsv result=CsvService.PostCsvOutput(status=ok, description=Upload successfully, fileId=6c416d98-de3d-11e7-89c5-408d5c5bc9ef)
[2017-12-11 14:35:04,893][DEBUG][http-nio-8008-exec-10][AnalysisServerUtil] server=PYTHON, path=/csv, args=[6c416d98-de3d-11e7-89c5-408d5c5bc9ef]
[2017-12-11 14:35:04,893][DEBUG][http-nio-8008-exec-10][AnalysisServerUtil] getServerUrl[PYTHON]: Optional[http://127.0.0.1:8002]
[2017-12-11 14:35:04,893][DEBUG][http-nio-8008-exec-10][AnalysisServerUtil] buildUrl=http://127.0.0.1:8002/csv/6c416d98-de3d-11e7-89c5-408d5c5bc9ef
[2017-12-11 14:35:04,893][DEBUG][http-nio-8008-exec-10][CsvService] getCsv url=http://127.0.0.1:8002/csv/6c416d98-de3d-11e7-89c5-408d5c5bc9ef
[2017-12-11 14:35:04,900][DEBUG][http-nio-8008-exec-10][LogRequestResponseFilter] REQ[GET](http://127.0.0.1:8002/csv/6c416d98-de3d-11e7-89c5-408d5c5bc9ef)
[2017-12-11 14:35:04,905][DEBUG][http-nio-8008-exec-10][LogRequestResponseFilter] RES[200-OK]: {"status":"ok","description":"Get files successfully","csv_files":[{"file_id":"6c416d98-de3d-11e7-89c5-408d5c5bc9ef","file_name":"pimaFeatures.csv.csv.csv","user_id":"alice","project_id":"dc078f36-2692-47ca-9bda-fcc77339a088","project_type":"abnormal-detection","stage":"data-preprocess","actions":[{"user_id":"alice","stage":"data-preprocess","function":"source","value":"user_upload","timestamp":1512974104870}],"dimension":[212,6],"column_names":["Pregnant_times","Plasma_glucose","Blood_pressure","BMI","Diabetes pedigree function","Age"],"label":"","row_values":[{"index":0,"row_value":["0.833333333333","0.751269035533","0.590163934426","0.610909090909","0.241870824053","0.604166666667"]}]}]}
[2017-12-11 14:35:04,909][DEBUG][http-nio-8008-exec-10][AnalysisServerUtil] server=PYTHON, path=/download, args=[6c416d98-de3d-11e7-89c5-408d5c5bc9ef]
[2017-12-11 14:35:04,909][DEBUG][http-nio-8008-exec-10][AnalysisServerUtil] getServerUrl[PYTHON]: Optional[http://127.0.0.1:8002]
[2017-12-11 14:35:04,909][DEBUG][http-nio-8008-exec-10][AnalysisServerUtil] buildUrl=http://127.0.0.1:8002/download/6c416d98-de3d-11e7-89c5-408d5c5bc9ef
[2017-12-11 14:35:04,909][INFO][http-nio-8008-exec-10][CsvService] getCsv[6c416d98-de3d-11e7-89c5-408d5c5bc9ef]=CsvService.GetCsvOutput(status=ok, description=Get files successfully, csvList=[CsvInfo(index=null, server=PYTHON, downloadUrl=http://127.0.0.1:8002/download/6c416d98-de3d-11e7-89c5-408d5c5bc9ef, deleteUrl=/project/dc078f36-2692-47ca-9bda-fcc77339a088/csv-delete/6c416d98-de3d-11e7-89c5-408d5c5bc9ef, userId=alice, stage=data-preprocess, fileId=6c416d98-de3d-11e7-89c5-408d5c5bc9ef, fileName=pimaFeatures.csv.csv.csv, projectId=dc078f36-2692-47ca-9bda-fcc77339a088, projectType=abnormal-detection, row=212, column=6, actions=[CsvInfo.CsvInfoAction(userId=alice, timestamp=1512974104870, stage=data-preprocess, function=source, value=user_upload)], columnNames=[Pregnant_times, Plasma_glucose, Blood_pressure, BMI, Diabetes pedigree function, Age], label=, rowValues=[CsvInfo.CsvInfoRow(index=0, rowValue=[0.833333333333, 0.751269035533, 0.590163934426, 0.610909090909, 0.241870824053, 0.604166666667])])])
[2017-12-11 14:35:04,909][DEBUG][http-nio-8008-exec-10][AnalysisServerUtil] server=PYTHON, path=/csv, args=[6c416d98-de3d-11e7-89c5-408d5c5bc9ef]
[2017-12-11 14:35:04,910][DEBUG][http-nio-8008-exec-10][AnalysisServerUtil] getServerUrl[PYTHON]: Optional[http://127.0.0.1:8002]
[2017-12-11 14:35:04,910][DEBUG][http-nio-8008-exec-10][AnalysisServerUtil] buildUrl=http://127.0.0.1:8002/csv/6c416d98-de3d-11e7-89c5-408d5c5bc9ef
[2017-12-11 14:35:04,910][DEBUG][http-nio-8008-exec-10][CsvService] getCsv url=http://127.0.0.1:8002/csv/6c416d98-de3d-11e7-89c5-408d5c5bc9ef
[2017-12-11 14:35:04,910][DEBUG][http-nio-8008-exec-10][LogRequestResponseFilter] REQ[GET](http://127.0.0.1:8002/csv/6c416d98-de3d-11e7-89c5-408d5c5bc9ef)
[2017-12-11 14:35:04,915][DEBUG][http-nio-8008-exec-10][LogRequestResponseFilter] RES[200-OK]: {"status":"ok","description":"Get files successfully","csv_files":[{"file_id":"6c416d98-de3d-11e7-89c5-408d5c5bc9ef","file_name":"pimaFeatures.csv.csv.csv","user_id":"alice","project_id":"dc078f36-2692-47ca-9bda-fcc77339a088","project_type":"abnormal-detection","stage":"data-preprocess","actions":[{"user_id":"alice","stage":"data-preprocess","function":"source","value":"user_upload","timestamp":1512974104870}],"dimension":[212,6],"column_names":["Pregnant_times","Plasma_glucose","Blood_pressure","BMI","Diabetes pedigree function","Age"],"label":"","row_values":[{"index":0,"row_value":["0.833333333333","0.751269035533","0.590163934426","0.610909090909","0.241870824053","0.604166666667"]}]}]}
[2017-12-11 14:35:04,916][DEBUG][http-nio-8008-exec-10][AnalysisServerUtil] server=PYTHON, path=/download, args=[6c416d98-de3d-11e7-89c5-408d5c5bc9ef]
[2017-12-11 14:35:04,916][DEBUG][http-nio-8008-exec-10][AnalysisServerUtil] getServerUrl[PYTHON]: Optional[http://127.0.0.1:8002]
[2017-12-11 14:35:04,916][DEBUG][http-nio-8008-exec-10][AnalysisServerUtil] buildUrl=http://127.0.0.1:8002/download/6c416d98-de3d-11e7-89c5-408d5c5bc9ef
[2017-12-11 14:35:04,916][INFO][http-nio-8008-exec-10][CsvService] getCsv[6c416d98-de3d-11e7-89c5-408d5c5bc9ef]=CsvService.GetCsvOutput(status=ok, description=Get files successfully, csvList=[CsvInfo(index=null, server=PYTHON, downloadUrl=http://127.0.0.1:8002/download/6c416d98-de3d-11e7-89c5-408d5c5bc9ef, deleteUrl=/project/dc078f36-2692-47ca-9bda-fcc77339a088/csv-delete/6c416d98-de3d-11e7-89c5-408d5c5bc9ef, userId=alice, stage=data-preprocess, fileId=6c416d98-de3d-11e7-89c5-408d5c5bc9ef, fileName=pimaFeatures.csv.csv.csv, projectId=dc078f36-2692-47ca-9bda-fcc77339a088, projectType=abnormal-detection, row=212, column=6, actions=[CsvInfo.CsvInfoAction(userId=alice, timestamp=1512974104870, stage=data-preprocess, function=source, value=user_upload)], columnNames=[Pregnant_times, Plasma_glucose, Blood_pressure, BMI, Diabetes pedigree function, Age], label=, rowValues=[CsvInfo.CsvInfoRow(index=0, rowValue=[0.833333333333, 0.751269035533, 0.590163934426, 0.610909090909, 0.241870824053, 0.604166666667])])])
[2017-12-11 14:35:04,916][DEBUG][http-nio-8008-exec-10][CsvInfoService] csvFile=CsvInfo(index=null, server=PYTHON, downloadUrl=http://127.0.0.1:8002/download/6c416d98-de3d-11e7-89c5-408d5c5bc9ef, deleteUrl=/project/dc078f36-2692-47ca-9bda-fcc77339a088/csv-delete/6c416d98-de3d-11e7-89c5-408d5c5bc9ef, userId=alice, stage=data-preprocess, fileId=6c416d98-de3d-11e7-89c5-408d5c5bc9ef, fileName=pimaFeatures.csv.csv.csv, projectId=dc078f36-2692-47ca-9bda-fcc77339a088, projectType=abnormal-detection, row=212, column=6, actions=[CsvInfo.CsvInfoAction(userId=alice, timestamp=1512974104870, stage=data-preprocess, function=source, value=user_upload)], columnNames=[Pregnant_times, Plasma_glucose, Blood_pressure, BMI, Diabetes pedigree function, Age], label=, rowValues=[CsvInfo.CsvInfoRow(index=0, rowValue=[0.833333333333, 0.751269035533, 0.590163934426, 0.610909090909, 0.241870824053, 0.604166666667])])
[2017-12-11 14:35:04,933][DEBUG][http-nio-8008-exec-10][CsvInfoService] find projectEntity=ProjectEntity(projectIndex=1, id=dc078f36-2692-47ca-9bda-fcc77339a088, name=Untitled Project, type=abnormal-detection, csvs=[], models=[])
[2017-12-11 14:35:04,933][DEBUG][http-nio-8008-exec-10][UserInfoService] findUserInfoById[alice]=Optional[UserInfo(index=5, id=alice, name=alice, email=inanalysis.github.io@gmail.com, password=alice, roles=[ADMIN, USER], projects={dc078f36-2692-47ca-9bda-fcc77339a088=ProjectInfo(index=1, deleteUrl=/delete-project/project/dc078f36-2692-47ca-9bda-fcc77339a088, id=dc078f36-2692-47ca-9bda-fcc77339a088, name=Untitled Project, type=abnormal-detection, csvs=[], models=[])}, apis={})]
[2017-12-11 14:35:04,933][DEBUG][http-nio-8008-exec-10][CsvEntityBuilder] input=CsvInfo(index=null, server=PYTHON, downloadUrl=http://127.0.0.1:8002/download/6c416d98-de3d-11e7-89c5-408d5c5bc9ef, deleteUrl=/project/dc078f36-2692-47ca-9bda-fcc77339a088/csv-delete/6c416d98-de3d-11e7-89c5-408d5c5bc9ef, userId=alice, stage=data-preprocess, fileId=6c416d98-de3d-11e7-89c5-408d5c5bc9ef, fileName=pimaFeatures.csv.csv.csv, projectId=dc078f36-2692-47ca-9bda-fcc77339a088, projectType=abnormal-detection, row=212, column=6, actions=[CsvInfo.CsvInfoAction(userId=alice, timestamp=1512974104870, stage=data-preprocess, function=source, value=user_upload)], columnNames=[Pregnant_times, Plasma_glucose, Blood_pressure, BMI, Diabetes pedigree function, Age], label=, rowValues=[CsvInfo.CsvInfoRow(index=0, rowValue=[0.833333333333, 0.751269035533, 0.590163934426, 0.610909090909, 0.241870824053, 0.604166666667])])
[2017-12-11 14:35:04,933][DEBUG][http-nio-8008-exec-10][CsvInfoService] addFile csvEntity=CsvEntity(csvIndex=null, id=6c416d98-de3d-11e7-89c5-408d5c5bc9ef, stage=data-preprocess, label=)
[2017-12-11 14:35:04,945][DEBUG][http-nio-8008-exec-10][CsvInfoService] addFile Save csvEntity=CsvEntity(csvIndex=1, id=6c416d98-de3d-11e7-89c5-408d5c5bc9ef, stage=data-preprocess, label=)
[2017-12-11 14:35:04,945][DEBUG][http-nio-8008-exec-10][CsvInfoService] AfterSetIndexFromDB_CsvInfo=CsvInfo(index=1, server=PYTHON, downloadUrl=http://127.0.0.1:8002/download/6c416d98-de3d-11e7-89c5-408d5c5bc9ef, deleteUrl=/project/dc078f36-2692-47ca-9bda-fcc77339a088/csv-delete/6c416d98-de3d-11e7-89c5-408d5c5bc9ef, userId=alice, stage=data-preprocess, fileId=6c416d98-de3d-11e7-89c5-408d5c5bc9ef, fileName=pimaFeatures.csv.csv.csv, projectId=dc078f36-2692-47ca-9bda-fcc77339a088, projectType=abnormal-detection, row=212, column=6, actions=[CsvInfo.CsvInfoAction(userId=alice, timestamp=1512974104870, stage=data-preprocess, function=source, value=user_upload)], columnNames=[Pregnant_times, Plasma_glucose, Blood_pressure, BMI, Diabetes pedigree function, Age], label=, rowValues=[CsvInfo.CsvInfoRow(index=0, rowValue=[0.833333333333, 0.751269035533, 0.590163934426, 0.610909090909, 0.241870824053, 0.604166666667])])
[2017-12-11 14:35:04,946][DEBUG][http-nio-8008-exec-10][ProjectController] true
[2017-12-11 14:35:04,946][DEBUG][http-nio-8008-exec-10][UserInfoService] findUserInfoById[alice]=Optional[UserInfo(index=5, id=alice, name=alice, email=inanalysis.github.io@gmail.com, password=alice, roles=[ADMIN, USER], projects={dc078f36-2692-47ca-9bda-fcc77339a088=ProjectInfo(index=1, deleteUrl=/delete-project/project/dc078f36-2692-47ca-9bda-fcc77339a088, id=dc078f36-2692-47ca-9bda-fcc77339a088, name=Untitled Project, type=abnormal-detection, csvs=[CsvInfo(index=1, server=PYTHON, downloadUrl=http://127.0.0.1:8002/download/6c416d98-de3d-11e7-89c5-408d5c5bc9ef, deleteUrl=/project/dc078f36-2692-47ca-9bda-fcc77339a088/csv-delete/6c416d98-de3d-11e7-89c5-408d5c5bc9ef, userId=alice, stage=data-preprocess, fileId=6c416d98-de3d-11e7-89c5-408d5c5bc9ef, fileName=pimaFeatures.csv.csv.csv, projectId=dc078f36-2692-47ca-9bda-fcc77339a088, projectType=abnormal-detection, row=212, column=6, actions=[CsvInfo.CsvInfoAction(userId=alice, timestamp=1512974104870, stage=data-preprocess, function=source, value=user_upload)], columnNames=[Pregnant_times, Plasma_glucose, Blood_pressure, BMI, Diabetes pedigree function, Age], label=, rowValues=[CsvInfo.CsvInfoRow(index=0, rowValue=[0.833333333333, 0.751269035533, 0.590163934426, 0.610909090909, 0.241870824053, 0.604166666667])])], models=[])}, apis={})]
[2017-12-11 14:35:04,946][DEBUG][http-nio-8008-exec-10][UserInfoService] getUserProjectCsvList[alice:dc078f36-2692-47ca-9bda-fcc77339a088]={}
[2017-12-11 14:35:04,946][DEBUG][http-nio-8008-exec-10][ProjectController] after build db and set index_csvList=[CsvInfo(index=1, server=PYTHON, downloadUrl=http://127.0.0.1:8002/download/6c416d98-de3d-11e7-89c5-408d5c5bc9ef, deleteUrl=/project/dc078f36-2692-47ca-9bda-fcc77339a088/csv-delete/6c416d98-de3d-11e7-89c5-408d5c5bc9ef, userId=alice, stage=data-preprocess, fileId=6c416d98-de3d-11e7-89c5-408d5c5bc9ef, fileName=pimaFeatures.csv.csv.csv, projectId=dc078f36-2692-47ca-9bda-fcc77339a088, projectType=abnormal-detection, row=212, column=6, actions=[CsvInfo.CsvInfoAction(userId=alice, timestamp=1512974104870, stage=data-preprocess, function=source, value=user_upload)], columnNames=[Pregnant_times, Plasma_glucose, Blood_pressure, BMI, Diabetes pedigree function, Age], label=, rowValues=[CsvInfo.CsvInfoRow(index=0, rowValue=[0.833333333333, 0.751269035533, 0.590163934426, 0.610909090909, 0.241870824053, 0.604166666667])])]
[2017-12-11 14:35:04,946][DEBUG][http-nio-8008-exec-10][UserInfoService] findUserInfoById[alice]=Optional[UserInfo(index=5, id=alice, name=alice, email=inanalysis.github.io@gmail.com, password=alice, roles=[ADMIN, USER], projects={dc078f36-2692-47ca-9bda-fcc77339a088=ProjectInfo(index=1, deleteUrl=/delete-project/project/dc078f36-2692-47ca-9bda-fcc77339a088, id=dc078f36-2692-47ca-9bda-fcc77339a088, name=Untitled Project, type=abnormal-detection, csvs=[CsvInfo(index=1, server=PYTHON, downloadUrl=http://127.0.0.1:8002/download/6c416d98-de3d-11e7-89c5-408d5c5bc9ef, deleteUrl=/project/dc078f36-2692-47ca-9bda-fcc77339a088/csv-delete/6c416d98-de3d-11e7-89c5-408d5c5bc9ef, userId=alice, stage=data-preprocess, fileId=6c416d98-de3d-11e7-89c5-408d5c5bc9ef, fileName=pimaFeatures.csv.csv.csv, projectId=dc078f36-2692-47ca-9bda-fcc77339a088, projectType=abnormal-detection, row=212, column=6, actions=[CsvInfo.CsvInfoAction(userId=alice, timestamp=1512974104870, stage=data-preprocess, function=source, value=user_upload)], columnNames=[Pregnant_times, Plasma_glucose, Blood_pressure, BMI, Diabetes pedigree function, Age], label=, rowValues=[CsvInfo.CsvInfoRow(index=0, rowValue=[0.833333333333, 0.751269035533, 0.590163934426, 0.610909090909, 0.241870824053, 0.604166666667])])], models=[])}, apis={})]
[2017-12-11 14:35:04,946][DEBUG][http-nio-8008-exec-10][UserInfoService] getUserProjectCsvList[alice:dc078f36-2692-47ca-9bda-fcc77339a088]={}
[2017-12-11 14:35:04,946][DEBUG][http-nio-8008-exec-10][UserInfoService] findUserInfoById[alice]=Optional[UserInfo(index=5, id=alice, name=alice, email=inanalysis.github.io@gmail.com, password=alice, roles=[ADMIN, USER], projects={dc078f36-2692-47ca-9bda-fcc77339a088=ProjectInfo(index=1, deleteUrl=/delete-project/project/dc078f36-2692-47ca-9bda-fcc77339a088, id=dc078f36-2692-47ca-9bda-fcc77339a088, name=Untitled Project, type=abnormal-detection, csvs=[CsvInfo(index=1, server=PYTHON, downloadUrl=http://127.0.0.1:8002/download/6c416d98-de3d-11e7-89c5-408d5c5bc9ef, deleteUrl=/project/dc078f36-2692-47ca-9bda-fcc77339a088/csv-delete/6c416d98-de3d-11e7-89c5-408d5c5bc9ef, userId=alice, stage=data-preprocess, fileId=6c416d98-de3d-11e7-89c5-408d5c5bc9ef, fileName=pimaFeatures.csv.csv.csv, projectId=dc078f36-2692-47ca-9bda-fcc77339a088, projectType=abnormal-detection, row=212, column=6, actions=[CsvInfo.CsvInfoAction(userId=alice, timestamp=1512974104870, stage=data-preprocess, function=source, value=user_upload)], columnNames=[Pregnant_times, Plasma_glucose, Blood_pressure, BMI, Diabetes pedigree function, Age], label=, rowValues=[CsvInfo.CsvInfoRow(index=0, rowValue=[0.833333333333, 0.751269035533, 0.590163934426, 0.610909090909, 0.241870824053, 0.604166666667])])], models=[])}, apis={})]
[2017-12-11 14:35:04,946][DEBUG][http-nio-8008-exec-10][UserInfoService] getUserProjectCsvList[alice:dc078f36-2692-47ca-9bda-fcc77339a088]={}
[2017-12-11 14:35:04,946][DEBUG][http-nio-8008-exec-10][ProjectController] action=SaveLabel_postCsv=Optional[CsvService.PostCsvOutput(status=ok, description=Upload successfully, fileId=6c416d98-de3d-11e7-89c5-408d5c5bc9ef)]
[2017-12-11 14:35:04,946][DEBUG][http-nio-8008-exec-10][AnalysisServerUtil] server=PYTHON, path=/csv, args=[6c416d98-de3d-11e7-89c5-408d5c5bc9ef]
[2017-12-11 14:35:04,947][DEBUG][http-nio-8008-exec-10][AnalysisServerUtil] getServerUrl[PYTHON]: Optional[http://127.0.0.1:8002]
[2017-12-11 14:35:04,947][DEBUG][http-nio-8008-exec-10][AnalysisServerUtil] buildUrl=http://127.0.0.1:8002/csv/6c416d98-de3d-11e7-89c5-408d5c5bc9ef
[2017-12-11 14:35:04,947][DEBUG][http-nio-8008-exec-10][CsvService] getCsv url=http://127.0.0.1:8002/csv/6c416d98-de3d-11e7-89c5-408d5c5bc9ef
[2017-12-11 14:35:04,947][DEBUG][http-nio-8008-exec-10][LogRequestResponseFilter] REQ[GET](http://127.0.0.1:8002/csv/6c416d98-de3d-11e7-89c5-408d5c5bc9ef)
[2017-12-11 14:35:04,953][DEBUG][http-nio-8008-exec-10][LogRequestResponseFilter] RES[200-OK]: {"status":"ok","description":"Get files successfully","csv_files":[{"file_id":"6c416d98-de3d-11e7-89c5-408d5c5bc9ef","file_name":"pimaFeatures.csv.csv.csv","user_id":"alice","project_id":"dc078f36-2692-47ca-9bda-fcc77339a088","project_type":"abnormal-detection","stage":"data-preprocess","actions":[{"user_id":"alice","stage":"data-preprocess","function":"source","value":"user_upload","timestamp":1512974104870}],"dimension":[212,6],"column_names":["Pregnant_times","Plasma_glucose","Blood_pressure","BMI","Diabetes pedigree function","Age"],"label":"","row_values":[{"index":0,"row_value":["0.833333333333","0.751269035533","0.590163934426","0.610909090909","0.241870824053","0.604166666667"]}]}]}
[2017-12-11 14:35:04,953][DEBUG][http-nio-8008-exec-10][AnalysisServerUtil] server=PYTHON, path=/download, args=[6c416d98-de3d-11e7-89c5-408d5c5bc9ef]
[2017-12-11 14:35:04,954][DEBUG][http-nio-8008-exec-10][AnalysisServerUtil] getServerUrl[PYTHON]: Optional[http://127.0.0.1:8002]
[2017-12-11 14:35:04,954][DEBUG][http-nio-8008-exec-10][AnalysisServerUtil] buildUrl=http://127.0.0.1:8002/download/6c416d98-de3d-11e7-89c5-408d5c5bc9ef
[2017-12-11 14:35:04,954][INFO][http-nio-8008-exec-10][CsvService] getCsv[6c416d98-de3d-11e7-89c5-408d5c5bc9ef]=CsvService.GetCsvOutput(status=ok, description=Get files successfully, csvList=[CsvInfo(index=null, server=PYTHON, downloadUrl=http://127.0.0.1:8002/download/6c416d98-de3d-11e7-89c5-408d5c5bc9ef, deleteUrl=/project/dc078f36-2692-47ca-9bda-fcc77339a088/csv-delete/6c416d98-de3d-11e7-89c5-408d5c5bc9ef, userId=alice, stage=data-preprocess, fileId=6c416d98-de3d-11e7-89c5-408d5c5bc9ef, fileName=pimaFeatures.csv.csv.csv, projectId=dc078f36-2692-47ca-9bda-fcc77339a088, projectType=abnormal-detection, row=212, column=6, actions=[CsvInfo.CsvInfoAction(userId=alice, timestamp=1512974104870, stage=data-preprocess, function=source, value=user_upload)], columnNames=[Pregnant_times, Plasma_glucose, Blood_pressure, BMI, Diabetes pedigree function, Age], label=, rowValues=[CsvInfo.CsvInfoRow(index=0, rowValue=[0.833333333333, 0.751269035533, 0.590163934426, 0.610909090909, 0.241870824053, 0.604166666667])])])
[2017-12-11 14:35:04,954][DEBUG][http-nio-8008-exec-10][UserInfoService] findUserInfoById[alice]=Optional[UserInfo(index=5, id=alice, name=alice, email=inanalysis.github.io@gmail.com, password=alice, roles=[ADMIN, USER], projects={dc078f36-2692-47ca-9bda-fcc77339a088=ProjectInfo(index=1, deleteUrl=/delete-project/project/dc078f36-2692-47ca-9bda-fcc77339a088, id=dc078f36-2692-47ca-9bda-fcc77339a088, name=Untitled Project, type=abnormal-detection, csvs=[CsvInfo(index=1, server=PYTHON, downloadUrl=http://127.0.0.1:8002/download/6c416d98-de3d-11e7-89c5-408d5c5bc9ef, deleteUrl=/project/dc078f36-2692-47ca-9bda-fcc77339a088/csv-delete/6c416d98-de3d-11e7-89c5-408d5c5bc9ef, userId=alice, stage=data-preprocess, fileId=6c416d98-de3d-11e7-89c5-408d5c5bc9ef, fileName=pimaFeatures.csv.csv.csv, projectId=dc078f36-2692-47ca-9bda-fcc77339a088, projectType=abnormal-detection, row=212, column=6, actions=[CsvInfo.CsvInfoAction(userId=alice, timestamp=1512974104870, stage=data-preprocess, function=source, value=user_upload)], columnNames=[Pregnant_times, Plasma_glucose, Blood_pressure, BMI, Diabetes pedigree function, Age], label=, rowValues=[CsvInfo.CsvInfoRow(index=0, rowValue=[0.833333333333, 0.751269035533, 0.590163934426, 0.610909090909, 0.241870824053, 0.604166666667])])], models=[])}, apis={})]
[2017-12-11 14:35:04,966][DEBUG][http-nio-8008-exec-10][ServerStatusCache] getServerStatus[PYTHON]=true
[2017-12-11 14:35:04,967][DEBUG][http-nio-8008-exec-10][ServerStatusCache] getServerStatus[R]=false
[2017-12-11 14:35:04,967][DEBUG][http-nio-8008-exec-10][ProjectController] user=alice, project=dc078f36-2692-47ca-9bda-fcc77339a088
[2017-12-11 14:35:04,967][DEBUG][http-nio-8008-exec-10][UserInfoService] findUserInfoById[alice]=Optional[UserInfo(index=5, id=alice, name=alice, email=inanalysis.github.io@gmail.com, password=alice, roles=[ADMIN, USER], projects={dc078f36-2692-47ca-9bda-fcc77339a088=ProjectInfo(index=1, deleteUrl=/delete-project/project/dc078f36-2692-47ca-9bda-fcc77339a088, id=dc078f36-2692-47ca-9bda-fcc77339a088, name=Untitled Project, type=abnormal-detection, csvs=[CsvInfo(index=1, server=PYTHON, downloadUrl=http://127.0.0.1:8002/download/6c416d98-de3d-11e7-89c5-408d5c5bc9ef, deleteUrl=/project/dc078f36-2692-47ca-9bda-fcc77339a088/csv-delete/6c416d98-de3d-11e7-89c5-408d5c5bc9ef, userId=alice, stage=data-preprocess, fileId=6c416d98-de3d-11e7-89c5-408d5c5bc9ef, fileName=pimaFeatures.csv.csv.csv, projectId=dc078f36-2692-47ca-9bda-fcc77339a088, projectType=abnormal-detection, row=212, column=6, actions=[CsvInfo.CsvInfoAction(userId=alice, timestamp=1512974104870, stage=data-preprocess, function=source, value=user_upload)], columnNames=[Pregnant_times, Plasma_glucose, Blood_pressure, BMI, Diabetes pedigree function, Age], label=, rowValues=[CsvInfo.CsvInfoRow(index=0, rowValue=[0.833333333333, 0.751269035533, 0.590163934426, 0.610909090909, 0.241870824053, 0.604166666667])]), CsvInfo(index=null, server=PYTHON, downloadUrl=http://127.0.0.1:8002/download/6c416d98-de3d-11e7-89c5-408d5c5bc9ef, deleteUrl=/project/dc078f36-2692-47ca-9bda-fcc77339a088/csv-delete/6c416d98-de3d-11e7-89c5-408d5c5bc9ef, userId=alice, stage=data-preprocess, fileId=6c416d98-de3d-11e7-89c5-408d5c5bc9ef, fileName=pimaFeatures.csv.csv.csv, projectId=dc078f36-2692-47ca-9bda-fcc77339a088, projectType=abnormal-detection, row=212, column=6, actions=[CsvInfo.CsvInfoAction(userId=alice, timestamp=1512974104870, stage=data-preprocess, function=source, value=user_upload)], columnNames=[Pregnant_times, Plasma_glucose, Blood_pressure, BMI, Diabetes pedigree function, Age], label=, rowValues=[CsvInfo.CsvInfoRow(index=0, rowValue=[0.833333333333, 0.751269035533, 0.590163934426, 0.610909090909, 0.241870824053, 0.604166666667])])], models=[])}, apis={})]
[2017-12-11 14:35:04,967][DEBUG][http-nio-8008-exec-10][UserInfoService] findUserInfoById[alice]=Optional[UserInfo(index=5, id=alice, name=alice, email=inanalysis.github.io@gmail.com, password=alice, roles=[ADMIN, USER], projects={dc078f36-2692-47ca-9bda-fcc77339a088=ProjectInfo(index=1, deleteUrl=/delete-project/project/dc078f36-2692-47ca-9bda-fcc77339a088, id=dc078f36-2692-47ca-9bda-fcc77339a088, name=Untitled Project, type=abnormal-detection, csvs=[CsvInfo(index=1, server=PYTHON, downloadUrl=http://127.0.0.1:8002/download/6c416d98-de3d-11e7-89c5-408d5c5bc9ef, deleteUrl=/project/dc078f36-2692-47ca-9bda-fcc77339a088/csv-delete/6c416d98-de3d-11e7-89c5-408d5c5bc9ef, userId=alice, stage=data-preprocess, fileId=6c416d98-de3d-11e7-89c5-408d5c5bc9ef, fileName=pimaFeatures.csv.csv.csv, projectId=dc078f36-2692-47ca-9bda-fcc77339a088, projectType=abnormal-detection, row=212, column=6, actions=[CsvInfo.CsvInfoAction(userId=alice, timestamp=1512974104870, stage=data-preprocess, function=source, value=user_upload)], columnNames=[Pregnant_times, Plasma_glucose, Blood_pressure, BMI, Diabetes pedigree function, Age], label=, rowValues=[CsvInfo.CsvInfoRow(index=0, rowValue=[0.833333333333, 0.751269035533, 0.590163934426, 0.610909090909, 0.241870824053, 0.604166666667])]), CsvInfo(index=null, server=PYTHON, downloadUrl=http://127.0.0.1:8002/download/6c416d98-de3d-11e7-89c5-408d5c5bc9ef, deleteUrl=/project/dc078f36-2692-47ca-9bda-fcc77339a088/csv-delete/6c416d98-de3d-11e7-89c5-408d5c5bc9ef, userId=alice, stage=data-preprocess, fileId=6c416d98-de3d-11e7-89c5-408d5c5bc9ef, fileName=pimaFeatures.csv.csv.csv, projectId=dc078f36-2692-47ca-9bda-fcc77339a088, projectType=abnormal-detection, row=212, column=6, actions=[CsvInfo.CsvInfoAction(userId=alice, timestamp=1512974104870, stage=data-preprocess, function=source, value=user_upload)], columnNames=[Pregnant_times, Plasma_glucose, Blood_pressure, BMI, Diabetes pedigree function, Age], label=, rowValues=[CsvInfo.CsvInfoRow(index=0, rowValue=[0.833333333333, 0.751269035533, 0.590163934426, 0.610909090909, 0.241870824053, 0.604166666667])])], models=[])}, apis={})]
[2017-12-11 14:35:04,967][DEBUG][http-nio-8008-exec-10][AnalysisServerUtil] server=PYTHON, path=/user, args=[alice, csv]
[2017-12-11 14:35:04,967][DEBUG][http-nio-8008-exec-10][AnalysisServerUtil] getServerUrl[PYTHON]: Optional[http://127.0.0.1:8002]
[2017-12-11 14:35:04,967][DEBUG][http-nio-8008-exec-10][AnalysisServerUtil] buildUrl=http://127.0.0.1:8002/user/alice/csv
[2017-12-11 14:35:04,967][DEBUG][http-nio-8008-exec-10][UserCsvService] url=http://127.0.0.1:8002/user/alice/csv/dc078f36-2692-47ca-9bda-fcc77339a088
[2017-12-11 14:35:04,967][DEBUG][http-nio-8008-exec-10][LogRequestResponseFilter] REQ[GET](http://127.0.0.1:8002/user/alice/csv/dc078f36-2692-47ca-9bda-fcc77339a088)
[2017-12-11 14:35:04,976][DEBUG][http-nio-8008-exec-10][LogRequestResponseFilter] RES[200-OK]: {"status":"ok","description":"Get files successfully","csv_files":[{"file_id":"6c416d98-de3d-11e7-89c5-408d5c5bc9ef","file_name":"pimaFeatures.csv.csv.csv","user_id":"alice","project_id":"dc078f36-2692-47ca-9bda-fcc77339a088","project_type":"abnormal-detection","stage":"data-preprocess","actions":[{"user_id":"alice","stage":"data-preprocess","function":"source","value":"user_upload","timestamp":1512974104870}],"dimension":[212,6],"column_names":["Pregnant_times","Plasma_glucose","Blood_pressure","BMI","Diabetes pedigree function","Age"],"label":"","row_values":[{"index":0,"row_value":["0.833333333333","0.751269035533","0.590163934426","0.610909090909","0.241870824053","0.604166666667"]}]}]}
[2017-12-11 14:35:04,978][DEBUG][http-nio-8008-exec-10][AnalysisServerUtil] server=PYTHON, path=/download, args=[6c416d98-de3d-11e7-89c5-408d5c5bc9ef]
[2017-12-11 14:35:04,978][DEBUG][http-nio-8008-exec-10][AnalysisServerUtil] getServerUrl[PYTHON]: Optional[http://127.0.0.1:8002]
[2017-12-11 14:35:04,978][DEBUG][http-nio-8008-exec-10][AnalysisServerUtil] buildUrl=http://127.0.0.1:8002/download/6c416d98-de3d-11e7-89c5-408d5c5bc9ef
[2017-12-11 14:35:04,978][DEBUG][http-nio-8008-exec-10][AnalysisServerUtil] server=PYTHON, path=/user, args=[alice, model]
[2017-12-11 14:35:04,978][DEBUG][http-nio-8008-exec-10][AnalysisServerUtil] getServerUrl[PYTHON]: Optional[http://127.0.0.1:8002]
[2017-12-11 14:35:04,978][DEBUG][http-nio-8008-exec-10][AnalysisServerUtil] buildUrl=http://127.0.0.1:8002/user/alice/model
[2017-12-11 14:35:04,978][DEBUG][http-nio-8008-exec-10][UserModelService] url=http://127.0.0.1:8002/user/alice/model/dc078f36-2692-47ca-9bda-fcc77339a088
[2017-12-11 14:35:04,978][DEBUG][http-nio-8008-exec-10][LogRequestResponseFilter] REQ[GET](http://127.0.0.1:8002/user/alice/model/dc078f36-2692-47ca-9bda-fcc77339a088)
[2017-12-11 14:35:04,993][DEBUG][http-nio-8008-exec-10][LogRequestResponseFilter] RES[200-OK]: {"status":"ok","description":"model not found","model_list":[]}
[2017-12-11 14:35:04,994][DEBUG][http-nio-8008-exec-10][ProjectController] toProjectPage_project=ProjectInfo(index=1, deleteUrl=/delete-project/project/dc078f36-2692-47ca-9bda-fcc77339a088, id=dc078f36-2692-47ca-9bda-fcc77339a088, name=Untitled Project, type=abnormal-detection, csvs=[CsvInfo(index=null, server=PYTHON, downloadUrl=http://127.0.0.1:8002/download/6c416d98-de3d-11e7-89c5-408d5c5bc9ef, deleteUrl=/project/dc078f36-2692-47ca-9bda-fcc77339a088/csv-delete/6c416d98-de3d-11e7-89c5-408d5c5bc9ef, userId=alice, stage=data-preprocess, fileId=6c416d98-de3d-11e7-89c5-408d5c5bc9ef, fileName=pimaFeatures.csv.csv.csv, projectId=dc078f36-2692-47ca-9bda-fcc77339a088, projectType=abnormal-detection, row=212, column=6, actions=[CsvInfo.CsvInfoAction(userId=alice, timestamp=1512974104870, stage=data-preprocess, function=source, value=user_upload)], columnNames=[Pregnant_times, Plasma_glucose, Blood_pressure, BMI, Diabetes pedigree function, Age], label=, rowValues=[CsvInfo.CsvInfoRow(index=0, rowValue=[0.833333333333, 0.751269035533, 0.590163934426, 0.610909090909, 0.241870824053, 0.604166666667])])], models=[])
[2017-12-11 14:35:04,994][DEBUG][http-nio-8008-exec-10][ProjectController] toProject projectTypeTemp=abnormal-detection
[2017-12-11 14:35:04,994][DEBUG][http-nio-8008-exec-10][ProjectController] toProject Page_project_after_refresh=ProjectInfo(index=1, deleteUrl=/delete-project/project/dc078f36-2692-47ca-9bda-fcc77339a088, id=dc078f36-2692-47ca-9bda-fcc77339a088, name=Untitled Project, type=abnormal-detection, csvs=[CsvInfo(index=null, server=PYTHON, downloadUrl=http://127.0.0.1:8002/download/6c416d98-de3d-11e7-89c5-408d5c5bc9ef, deleteUrl=/project/dc078f36-2692-47ca-9bda-fcc77339a088/csv-delete/6c416d98-de3d-11e7-89c5-408d5c5bc9ef, userId=alice, stage=data-preprocess, fileId=6c416d98-de3d-11e7-89c5-408d5c5bc9ef, fileName=pimaFeatures.csv.csv.csv, projectId=dc078f36-2692-47ca-9bda-fcc77339a088, projectType=abnormal-detection, row=212, column=6, actions=[CsvInfo.CsvInfoAction(userId=alice, timestamp=1512974104870, stage=data-preprocess, function=source, value=user_upload)], columnNames=[Pregnant_times, Plasma_glucose, Blood_pressure, BMI, Diabetes pedigree function, Age], label=, rowValues=[CsvInfo.CsvInfoRow(index=0, rowValue=[0.833333333333, 0.751269035533, 0.590163934426, 0.610909090909, 0.241870824053, 0.604166666667])])], models=[])
[2017-12-11 14:35:06,729][DEBUG][http-nio-8008-exec-5][ServerStatusCache] getServerStatus[PYTHON]=true
[2017-12-11 14:35:06,730][DEBUG][http-nio-8008-exec-5][ServerStatusCache] getServerStatus[R]=false
[2017-12-11 14:35:06,730][DEBUG][http-nio-8008-exec-5][UserInfoService] findUserInfoById[alice]=Optional[UserInfo(index=5, id=alice, name=alice, email=inanalysis.github.io@gmail.com, password=alice, roles=[ADMIN, USER], projects={dc078f36-2692-47ca-9bda-fcc77339a088=ProjectInfo(index=1, deleteUrl=/delete-project/project/dc078f36-2692-47ca-9bda-fcc77339a088, id=dc078f36-2692-47ca-9bda-fcc77339a088, name=Untitled Project, type=abnormal-detection, csvs=[CsvInfo(index=null, server=PYTHON, downloadUrl=http://127.0.0.1:8002/download/6c416d98-de3d-11e7-89c5-408d5c5bc9ef, deleteUrl=/project/dc078f36-2692-47ca-9bda-fcc77339a088/csv-delete/6c416d98-de3d-11e7-89c5-408d5c5bc9ef, userId=alice, stage=data-preprocess, fileId=6c416d98-de3d-11e7-89c5-408d5c5bc9ef, fileName=pimaFeatures.csv.csv.csv, projectId=dc078f36-2692-47ca-9bda-fcc77339a088, projectType=abnormal-detection, row=212, column=6, actions=[CsvInfo.CsvInfoAction(userId=alice, timestamp=1512974104870, stage=data-preprocess, function=source, value=user_upload)], columnNames=[Pregnant_times, Plasma_glucose, Blood_pressure, BMI, Diabetes pedigree function, Age], label=, rowValues=[CsvInfo.CsvInfoRow(index=0, rowValue=[0.833333333333, 0.751269035533, 0.590163934426, 0.610909090909, 0.241870824053, 0.604166666667])])], models=[])}, apis={})]
[2017-12-11 14:35:06,731][DEBUG][http-nio-8008-exec-5][IndexController] index[alice]=Optional[UserInfo(index=5, id=alice, name=alice, email=inanalysis.github.io@gmail.com, password=alice, roles=[ADMIN, USER], projects={dc078f36-2692-47ca-9bda-fcc77339a088=ProjectInfo(index=1, deleteUrl=/delete-project/project/dc078f36-2692-47ca-9bda-fcc77339a088, id=dc078f36-2692-47ca-9bda-fcc77339a088, name=Untitled Project, type=abnormal-detection, csvs=[CsvInfo(index=null, server=PYTHON, downloadUrl=http://127.0.0.1:8002/download/6c416d98-de3d-11e7-89c5-408d5c5bc9ef, deleteUrl=/project/dc078f36-2692-47ca-9bda-fcc77339a088/csv-delete/6c416d98-de3d-11e7-89c5-408d5c5bc9ef, userId=alice, stage=data-preprocess, fileId=6c416d98-de3d-11e7-89c5-408d5c5bc9ef, fileName=pimaFeatures.csv.csv.csv, projectId=dc078f36-2692-47ca-9bda-fcc77339a088, projectType=abnormal-detection, row=212, column=6, actions=[CsvInfo.CsvInfoAction(userId=alice, timestamp=1512974104870, stage=data-preprocess, function=source, value=user_upload)], columnNames=[Pregnant_times, Plasma_glucose, Blood_pressure, BMI, Diabetes pedigree function, Age], label=, rowValues=[CsvInfo.CsvInfoRow(index=0, rowValue=[0.833333333333, 0.751269035533, 0.590163934426, 0.610909090909, 0.241870824053, 0.604166666667])])], models=[])}, apis={})]
[2017-12-11 14:35:06,731][DEBUG][http-nio-8008-exec-5][IndexController] Index Show Userinfo=UserInfo(index=5, id=alice, name=alice, email=inanalysis.github.io@gmail.com, password=alice, roles=[ADMIN, USER], projects={dc078f36-2692-47ca-9bda-fcc77339a088=ProjectInfo(index=1, deleteUrl=/delete-project/project/dc078f36-2692-47ca-9bda-fcc77339a088, id=dc078f36-2692-47ca-9bda-fcc77339a088, name=Untitled Project, type=abnormal-detection, csvs=[CsvInfo(index=null, server=PYTHON, downloadUrl=http://127.0.0.1:8002/download/6c416d98-de3d-11e7-89c5-408d5c5bc9ef, deleteUrl=/project/dc078f36-2692-47ca-9bda-fcc77339a088/csv-delete/6c416d98-de3d-11e7-89c5-408d5c5bc9ef, userId=alice, stage=data-preprocess, fileId=6c416d98-de3d-11e7-89c5-408d5c5bc9ef, fileName=pimaFeatures.csv.csv.csv, projectId=dc078f36-2692-47ca-9bda-fcc77339a088, projectType=abnormal-detection, row=212, column=6, actions=[CsvInfo.CsvInfoAction(userId=alice, timestamp=1512974104870, stage=data-preprocess, function=source, value=user_upload)], columnNames=[Pregnant_times, Plasma_glucose, Blood_pressure, BMI, Diabetes pedigree function, Age], label=, rowValues=[CsvInfo.CsvInfoRow(index=0, rowValue=[0.833333333333, 0.751269035533, 0.590163934426, 0.610909090909, 0.241870824053, 0.604166666667])])], models=[])}, apis={})
[2017-12-11 14:35:06,731][DEBUG][http-nio-8008-exec-5][IndexController] projectTotal=1,apiTotal=0
